2025/10/17 06:25:09 [notice] 1#1: using the "epoll" event method
2025/10/17 06:25:09 [notice] 1#1: nginx/1.27.5
2025/10/17 06:25:09 [notice] 1#1: built by gcc 14.2.0 (Alpine 14.2.0) 
2025/10/17 06:25:09 [notice] 1#1: OS: Linux 6.14.0-1014-aws
2025/10/17 06:25:09 [notice] 1#1: getrlimit(RLIMIT_NOFILE): 1048576:1048576
2025/10/17 06:25:09 [notice] 1#1: start worker processes
2025/10/17 06:25:09 [notice] 1#1: start worker process 21
2025/10/17 06:25:09 [notice] 1#1: start worker process 22
2025/10/17 06:25:29 [notice] 1#1: using the "epoll" event method
2025/10/17 06:25:29 [notice] 1#1: nginx/1.27.5
2025/10/17 06:25:29 [notice] 1#1: built by gcc 14.2.0 (Alpine 14.2.0) 
2025/10/17 06:25:29 [notice] 1#1: OS: Linux 6.14.0-1014-aws
2025/10/17 06:25:29 [notice] 1#1: getrlimit(RLIMIT_NOFILE): 1048576:1048576
2025/10/17 06:25:29 [notice] 1#1: start worker processes
2025/10/17 06:25:29 [notice] 1#1: start worker process 20
2025/10/17 06:25:29 [notice] 1#1: start worker process 21
2025/10/17 06:31:55 [notice] 1#1: signal 3 (SIGQUIT) received, shutting down
2025/10/17 06:31:55 [notice] 20#20: gracefully shutting down
2025/10/17 06:31:55 [notice] 20#20: exiting
2025/10/17 06:31:55 [notice] 20#20: exit
2025/10/17 06:31:55 [notice] 21#21: gracefully shutting down
2025/10/17 06:31:55 [notice] 21#21: exiting
2025/10/17 06:31:55 [notice] 21#21: exit
2025/10/17 06:31:55 [notice] 1#1: signal 17 (SIGCHLD) received from 20
2025/10/17 06:31:55 [notice] 1#1: worker process 20 exited with code 0
2025/10/17 06:31:55 [notice] 1#1: worker process 21 exited with code 0
2025/10/17 06:31:55 [notice] 1#1: exit
2025/10/17 06:33:27 [notice] 1#1: using the "epoll" event method
2025/10/17 06:33:27 [notice] 1#1: nginx/1.27.5
2025/10/17 06:33:27 [notice] 1#1: built by gcc 14.2.0 (Alpine 14.2.0) 
2025/10/17 06:33:27 [notice] 1#1: OS: Linux 6.14.0-1014-aws
2025/10/17 06:33:27 [notice] 1#1: getrlimit(RLIMIT_NOFILE): 1048576:1048576
2025/10/17 06:33:27 [notice] 1#1: start worker processes
2025/10/17 06:33:27 [notice] 1#1: start worker process 19
2025/10/17 06:33:27 [notice] 1#1: start worker process 20
2025/10/17 06:40:23 [notice] 1#1: signal 3 (SIGQUIT) received, shutting down
2025/10/17 06:40:23 [notice] 19#19: gracefully shutting down
2025/10/17 06:40:23 [notice] 19#19: exiting
2025/10/17 06:40:23 [notice] 20#20: gracefully shutting down
2025/10/17 06:40:23 [notice] 20#20: exiting
2025/10/17 06:40:23 [notice] 19#19: exit
2025/10/17 06:40:23 [notice] 20#20: exit
2025/10/17 06:40:23 [notice] 1#1: signal 17 (SIGCHLD) received from 20
2025/10/17 06:40:23 [notice] 1#1: worker process 20 exited with code 0
2025/10/17 06:40:23 [notice] 1#1: signal 17 (SIGCHLD) received from 19
2025/10/17 06:40:23 [notice] 1#1: worker process 19 exited with code 0
2025/10/17 06:40:23 [notice] 1#1: exit
2025/10/17 06:41:12 [notice] 1#1: using the "epoll" event method
2025/10/17 06:41:12 [notice] 1#1: nginx/1.27.5
2025/10/17 06:41:12 [notice] 1#1: built by gcc 14.2.0 (Alpine 14.2.0) 
2025/10/17 06:41:12 [notice] 1#1: OS: Linux 6.14.0-1014-aws
2025/10/17 06:41:12 [notice] 1#1: getrlimit(RLIMIT_NOFILE): 1048576:1048576
2025/10/17 06:41:12 [notice] 1#1: start worker processes
2025/10/17 06:41:12 [notice] 1#1: start worker process 20
2025/10/17 06:41:12 [notice] 1#1: start worker process 21
2025/10/17 06:45:43 [notice] 1#1: signal 3 (SIGQUIT) received, shutting down
2025/10/17 06:45:43 [notice] 21#21: gracefully shutting down
2025/10/17 06:45:43 [notice] 21#21: exiting
2025/10/17 06:45:43 [notice] 20#20: gracefully shutting down
2025/10/17 06:45:43 [notice] 20#20: exiting
2025/10/17 06:45:43 [notice] 21#21: exit
2025/10/17 06:45:43 [notice] 20#20: exit
2025/10/17 06:45:43 [notice] 1#1: signal 17 (SIGCHLD) received from 21
2025/10/17 06:45:43 [notice] 1#1: worker process 20 exited with code 0
2025/10/17 06:45:43 [notice] 1#1: worker process 21 exited with code 0
2025/10/17 06:45:43 [notice] 1#1: exit
2025/10/17 06:46:43 [notice] 1#1: using the "epoll" event method
2025/10/17 06:46:43 [notice] 1#1: nginx/1.27.5
2025/10/17 06:46:43 [notice] 1#1: built by gcc 14.2.0 (Alpine 14.2.0) 
2025/10/17 06:46:43 [notice] 1#1: OS: Linux 6.14.0-1014-aws
2025/10/17 06:46:43 [notice] 1#1: getrlimit(RLIMIT_NOFILE): 1048576:1048576
2025/10/17 06:46:43 [notice] 1#1: start worker processes
2025/10/17 06:46:43 [notice] 1#1: start worker process 21
2025/10/17 06:46:43 [notice] 1#1: start worker process 22
2025/10/17 07:15:49 [notice] 1#1: signal 3 (SIGQUIT) received, shutting down
2025/10/17 07:15:49 [notice] 22#22: gracefully shutting down
2025/10/17 07:15:49 [notice] 22#22: exiting
2025/10/17 07:15:49 [notice] 21#21: gracefully shutting down
2025/10/17 07:15:49 [notice] 21#21: exiting
2025/10/17 07:15:49 [notice] 22#22: exit
2025/10/17 07:15:49 [notice] 21#21: exit
2025/10/17 07:15:49 [notice] 1#1: signal 17 (SIGCHLD) received from 22
2025/10/17 07:15:49 [notice] 1#1: worker process 22 exited with code 0
2025/10/17 07:15:49 [notice] 1#1: signal 29 (SIGIO) received
2025/10/17 07:15:49 [notice] 1#1: signal 17 (SIGCHLD) received from 21
2025/10/17 07:15:49 [notice] 1#1: worker process 21 exited with code 0
2025/10/17 07:15:49 [notice] 1#1: exit
2025/10/17 07:16:57 [notice] 1#1: using the "epoll" event method
2025/10/17 07:16:57 [notice] 1#1: nginx/1.27.5
2025/10/17 07:16:57 [notice] 1#1: built by gcc 14.2.0 (Alpine 14.2.0) 
2025/10/17 07:16:57 [notice] 1#1: OS: Linux 6.14.0-1014-aws
2025/10/17 07:16:57 [notice] 1#1: getrlimit(RLIMIT_NOFILE): 1048576:1048576
2025/10/17 07:16:57 [notice] 1#1: start worker processes
2025/10/17 07:16:57 [notice] 1#1: start worker process 20
2025/10/17 07:16:57 [notice] 1#1: start worker process 21
2025/10/17 07:29:22 [notice] 1#1: signal 3 (SIGQUIT) received, shutting down
2025/10/17 07:29:22 [notice] 21#21: gracefully shutting down
2025/10/17 07:29:22 [notice] 21#21: exiting
2025/10/17 07:29:22 [notice] 21#21: exit
2025/10/17 07:29:22 [notice] 20#20: gracefully shutting down
2025/10/17 07:29:22 [notice] 20#20: exiting
2025/10/17 07:29:22 [notice] 20#20: exit
2025/10/17 07:29:22 [notice] 1#1: signal 17 (SIGCHLD) received from 21
2025/10/17 07:29:22 [notice] 1#1: worker process 21 exited with code 0
2025/10/17 07:29:22 [notice] 1#1: signal 29 (SIGIO) received
2025/10/17 07:29:22 [notice] 1#1: signal 17 (SIGCHLD) received from 20
2025/10/17 07:29:22 [notice] 1#1: worker process 20 exited with code 0
2025/10/17 07:29:22 [notice] 1#1: exit
2025/10/17 07:29:59 [emerg] 1#1: host not found in upstream "ion-ledger-web-ui" in /etc/nginx/conf.d/default.conf:10
2025/10/17 07:30:06 [emerg] 1#1: host not found in upstream "ion-ledger-web-ui" in /etc/nginx/conf.d/default.conf:10
2025/10/17 07:30:12 [emerg] 1#1: host not found in upstream "ion-ledger-web-ui" in /etc/nginx/conf.d/default.conf:10
2025/10/17 07:30:19 [emerg] 1#1: host not found in upstream "ion-ledger-web-ui" in /etc/nginx/conf.d/default.conf:10
2025/10/17 07:30:25 [emerg] 1#1: host not found in upstream "ion-ledger-web-ui" in /etc/nginx/conf.d/default.conf:10
2025/10/17 07:30:32 [emerg] 1#1: host not found in upstream "ion-ledger-web-ui" in /etc/nginx/conf.d/default.conf:10
2025/10/17 07:30:41 [emerg] 1#1: host not found in upstream "ion-ledger-web-ui" in /etc/nginx/conf.d/default.conf:10
2025/10/17 07:30:53 [emerg] 1#1: host not found in upstream "ion-ledger-web-ui" in /etc/nginx/conf.d/default.conf:10
2025/10/17 07:31:11 [emerg] 1#1: host not found in upstream "ion-ledger-web-ui" in /etc/nginx/conf.d/default.conf:10
2025/10/17 07:31:42 [emerg] 1#1: host not found in upstream "ion-ledger-web-ui" in /etc/nginx/conf.d/default.conf:10
2025/10/17 07:32:39 [emerg] 1#1: host not found in upstream "ion-ledger-web-ui" in /etc/nginx/conf.d/default.conf:10
2025/10/17 07:33:44 [emerg] 1#1: host not found in upstream "ion-ledger-web-ui" in /etc/nginx/conf.d/default.conf:10
2025/10/17 07:35:07 [emerg] 1#1: host not found in upstream "ion-ledger-web-ui" in /etc/nginx/conf.d/default.conf:10
2025/10/17 07:35:14 [emerg] 1#1: host not found in upstream "ion-ledger-web-ui" in /etc/nginx/conf.d/default.conf:10
2025/10/17 07:35:20 [emerg] 1#1: host not found in upstream "ion-ledger-web-ui" in /etc/nginx/conf.d/default.conf:10
2025/10/17 07:35:27 [emerg] 1#1: host not found in upstream "ion-ledger-web-ui" in /etc/nginx/conf.d/default.conf:10
2025/10/17 07:35:33 [emerg] 1#1: host not found in upstream "ion-ledger-web-ui" in /etc/nginx/conf.d/default.conf:10
2025/10/17 07:35:40 [emerg] 1#1: host not found in upstream "ion-ledger-web-ui" in /etc/nginx/conf.d/default.conf:10
2025/10/17 07:35:49 [emerg] 1#1: host not found in upstream "ion-ledger-web-ui" in /etc/nginx/conf.d/default.conf:10
2025/10/17 07:36:01 [emerg] 1#1: host not found in upstream "ion-ledger-web-ui" in /etc/nginx/conf.d/default.conf:10
2025/10/17 07:36:19 [emerg] 1#1: host not found in upstream "ion-ledger-web-ui" in /etc/nginx/conf.d/default.conf:10
2025/10/17 07:36:50 [emerg] 1#1: host not found in upstream "ion-ledger-web-ui" in /etc/nginx/conf.d/default.conf:10
2025/10/17 07:37:47 [emerg] 1#1: host not found in upstream "ion-ledger-web-ui" in /etc/nginx/conf.d/default.conf:10
2025/10/17 07:38:53 [emerg] 1#1: host not found in upstream "ion-ledger-web-ui" in /etc/nginx/conf.d/default.conf:10
2025/10/17 07:39:58 [emerg] 1#1: host not found in upstream "ion-ledger-web-ui" in /etc/nginx/conf.d/default.conf:10
2025/10/17 07:41:04 [emerg] 1#1: host not found in upstream "ion-ledger-web-ui" in /etc/nginx/conf.d/default.conf:10
2025/10/17 07:42:09 [emerg] 1#1: host not found in upstream "ion-ledger-web-ui" in /etc/nginx/conf.d/default.conf:10
2025/10/17 07:43:15 [emerg] 1#1: host not found in upstream "ion-ledger-web-ui" in /etc/nginx/conf.d/default.conf:10
2025/10/17 07:44:20 [emerg] 1#1: host not found in upstream "ion-ledger-web-ui" in /etc/nginx/conf.d/default.conf:10
2025/10/17 07:45:26 [emerg] 1#1: host not found in upstream "ion-ledger-web-ui" in /etc/nginx/conf.d/default.conf:10
2025/10/17 07:46:31 [emerg] 1#1: host not found in upstream "ion-ledger-web-ui" in /etc/nginx/conf.d/default.conf:10
2025/10/17 07:47:37 [emerg] 1#1: host not found in upstream "ion-ledger-web-ui" in /etc/nginx/conf.d/default.conf:10
2025/10/17 07:48:42 [emerg] 1#1: host not found in upstream "ion-ledger-web-ui" in /etc/nginx/conf.d/default.conf:10
2025/10/17 07:49:48 [emerg] 1#1: host not found in upstream "ion-ledger-web-ui" in /etc/nginx/conf.d/default.conf:10
2025/10/17 07:50:53 [emerg] 1#1: host not found in upstream "ion-ledger-web-ui" in /etc/nginx/conf.d/default.conf:10
2025/10/17 07:51:59 [emerg] 1#1: host not found in upstream "ion-ledger-web-ui" in /etc/nginx/conf.d/default.conf:10
2025/10/17 07:53:04 [emerg] 1#1: host not found in upstream "ion-ledger-web-ui" in /etc/nginx/conf.d/default.conf:10
2025/10/17 07:54:10 [emerg] 1#1: host not found in upstream "ion-ledger-web-ui" in /etc/nginx/conf.d/default.conf:10
2025/10/17 07:55:15 [emerg] 1#1: host not found in upstream "ion-ledger-web-ui" in /etc/nginx/conf.d/default.conf:10
2025/10/17 07:56:21 [emerg] 1#1: host not found in upstream "ion-ledger-web-ui" in /etc/nginx/conf.d/default.conf:10
2025/10/17 07:57:26 [emerg] 1#1: host not found in upstream "ion-ledger-web-ui" in /etc/nginx/conf.d/default.conf:10
2025/10/17 07:58:32 [emerg] 1#1: host not found in upstream "ion-ledger-web-ui" in /etc/nginx/conf.d/default.conf:10
2025/10/17 07:59:37 [emerg] 1#1: host not found in upstream "ion-ledger-web-ui" in /etc/nginx/conf.d/default.conf:10
2025/10/17 08:00:43 [emerg] 1#1: host not found in upstream "ion-ledger-web-ui" in /etc/nginx/conf.d/default.conf:10
2025/10/17 08:01:48 [emerg] 1#1: host not found in upstream "ion-ledger-web-ui" in /etc/nginx/conf.d/default.conf:10
2025/10/17 08:02:54 [emerg] 1#1: host not found in upstream "ion-ledger-web-ui" in /etc/nginx/conf.d/default.conf:10
2025/10/17 08:03:59 [emerg] 1#1: host not found in upstream "ion-ledger-web-ui" in /etc/nginx/conf.d/default.conf:10
2025/10/17 08:05:05 [emerg] 1#1: host not found in upstream "ion-ledger-web-ui" in /etc/nginx/conf.d/default.conf:10
2025/10/17 08:06:10 [emerg] 1#1: host not found in upstream "ion-ledger-web-ui" in /etc/nginx/conf.d/default.conf:10
2025/10/17 08:07:16 [emerg] 1#1: host not found in upstream "ion-ledger-web-ui" in /etc/nginx/conf.d/default.conf:10
2025/10/17 08:08:21 [emerg] 1#1: host not found in upstream "ion-ledger-web-ui" in /etc/nginx/conf.d/default.conf:10
2025/10/17 08:09:27 [emerg] 1#1: host not found in upstream "ion-ledger-web-ui" in /etc/nginx/conf.d/default.conf:10
2025/10/17 08:10:32 [emerg] 1#1: host not found in upstream "ion-ledger-web-ui" in /etc/nginx/conf.d/default.conf:10
2025/10/17 08:11:38 [emerg] 1#1: host not found in upstream "ion-ledger-web-ui" in /etc/nginx/conf.d/default.conf:10
2025/10/17 08:12:43 [emerg] 1#1: host not found in upstream "ion-ledger-web-ui" in /etc/nginx/conf.d/default.conf:10
2025/10/17 08:13:49 [emerg] 1#1: host not found in upstream "ion-ledger-web-ui" in /etc/nginx/conf.d/default.conf:10
2025/10/17 08:14:55 [emerg] 1#1: host not found in upstream "ion-ledger-web-ui" in /etc/nginx/conf.d/default.conf:10
2025/10/17 08:16:00 [emerg] 1#1: host not found in upstream "ion-ledger-web-ui" in /etc/nginx/conf.d/default.conf:10
2025/10/17 08:17:06 [emerg] 1#1: host not found in upstream "ion-ledger-web-ui" in /etc/nginx/conf.d/default.conf:10
2025/10/17 08:18:11 [emerg] 1#1: host not found in upstream "ion-ledger-web-ui" in /etc/nginx/conf.d/default.conf:10
2025/10/17 08:19:17 [emerg] 1#1: host not found in upstream "ion-ledger-web-ui" in /etc/nginx/conf.d/default.conf:10
2025/10/17 08:20:22 [emerg] 1#1: host not found in upstream "ion-ledger-web-ui" in /etc/nginx/conf.d/default.conf:10
2025/10/17 08:21:59 [emerg] 1#1: host not found in upstream "ion-ledger-web-ui" in /etc/nginx/conf.d/default.conf:10
2025/10/17 08:22:06 [emerg] 1#1: host not found in upstream "ion-ledger-web-ui" in /etc/nginx/conf.d/default.conf:10
2025/10/17 08:22:12 [emerg] 1#1: host not found in upstream "ion-ledger-web-ui" in /etc/nginx/conf.d/default.conf:10
2025/10/17 08:22:19 [emerg] 1#1: host not found in upstream "ion-ledger-web-ui" in /etc/nginx/conf.d/default.conf:10
2025/10/17 08:22:25 [emerg] 1#1: host not found in upstream "ion-ledger-web-ui" in /etc/nginx/conf.d/default.conf:10
2025/10/17 08:22:32 [emerg] 1#1: host not found in upstream "ion-ledger-web-ui" in /etc/nginx/conf.d/default.conf:10
2025/10/17 08:22:41 [emerg] 1#1: host not found in upstream "ion-ledger-web-ui" in /etc/nginx/conf.d/default.conf:10
2025/10/17 08:22:53 [emerg] 1#1: host not found in upstream "ion-ledger-web-ui" in /etc/nginx/conf.d/default.conf:10
2025/10/17 08:23:11 [emerg] 1#1: host not found in upstream "ion-ledger-web-ui" in /etc/nginx/conf.d/default.conf:10
2025/10/17 08:23:42 [emerg] 1#1: host not found in upstream "ion-ledger-web-ui" in /etc/nginx/conf.d/default.conf:10
2025/10/17 08:25:00 [emerg] 1#1: host not found in upstream "ionledger-web-ui" in /etc/nginx/conf.d/default.conf:10
2025/10/17 08:25:07 [emerg] 1#1: host not found in upstream "ionledger-web-ui" in /etc/nginx/conf.d/default.conf:10
2025/10/17 08:25:14 [emerg] 1#1: host not found in upstream "ionledger-web-ui" in /etc/nginx/conf.d/default.conf:10
2025/10/17 08:25:20 [emerg] 1#1: host not found in upstream "ionledger-web-ui" in /etc/nginx/conf.d/default.conf:10
2025/10/17 08:25:27 [emerg] 1#1: host not found in upstream "ionledger-web-ui" in /etc/nginx/conf.d/default.conf:10
2025/10/17 08:25:34 [emerg] 1#1: host not found in upstream "ionledger-web-ui" in /etc/nginx/conf.d/default.conf:10
2025/10/17 08:25:43 [emerg] 1#1: host not found in upstream "ionledger-web-ui" in /etc/nginx/conf.d/default.conf:10
2025/10/17 08:25:55 [emerg] 1#1: host not found in upstream "ionledger-web-ui" in /etc/nginx/conf.d/default.conf:10
2025/10/17 08:26:13 [emerg] 1#1: host not found in upstream "ionledger-web-ui" in /etc/nginx/conf.d/default.conf:10
2025/10/17 08:26:44 [emerg] 1#1: host not found in upstream "ionledger-web-ui" in /etc/nginx/conf.d/default.conf:10
2025/10/17 08:29:55 [emerg] 1#1: host not found in upstream "ionledger-web-ui" in /etc/nginx/conf.d/default.conf:10
2025/10/17 08:30:03 [emerg] 1#1: host not found in upstream "ionledger-web-ui" in /etc/nginx/conf.d/default.conf:10
2025/10/17 08:30:09 [emerg] 1#1: host not found in upstream "ionledger-web-ui" in /etc/nginx/conf.d/default.conf:10
2025/10/17 08:30:16 [emerg] 1#1: host not found in upstream "ionledger-web-ui" in /etc/nginx/conf.d/default.conf:10
2025/10/17 08:30:22 [emerg] 1#1: host not found in upstream "ionledger-web-ui" in /etc/nginx/conf.d/default.conf:10
2025/10/17 08:30:29 [emerg] 1#1: host not found in upstream "ionledger-web-ui" in /etc/nginx/conf.d/default.conf:10
2025/10/17 08:30:38 [emerg] 1#1: host not found in upstream "ionledger-web-ui" in /etc/nginx/conf.d/default.conf:10
2025/10/17 08:30:50 [emerg] 1#1: host not found in upstream "ionledger-web-ui" in /etc/nginx/conf.d/default.conf:10
2025/10/17 08:31:08 [emerg] 1#1: host not found in upstream "ionledger-web-ui" in /etc/nginx/conf.d/default.conf:10
2025/10/17 08:31:39 [emerg] 1#1: host not found in upstream "ionledger-web-ui" in /etc/nginx/conf.d/default.conf:10
2025/10/17 08:32:36 [emerg] 1#1: host not found in upstream "ionledger-web-ui" in /etc/nginx/conf.d/default.conf:10
2025/10/17 08:33:41 [emerg] 1#1: host not found in upstream "ionledger-web-ui" in /etc/nginx/conf.d/default.conf:10
2025/10/17 08:35:11 [emerg] 1#1: host not found in upstream "tenant-ui" in /etc/nginx/conf.d/default.conf:23
2025/10/17 08:35:18 [emerg] 1#1: host not found in upstream "tenant-ui" in /etc/nginx/conf.d/default.conf:23
2025/10/17 08:35:24 [emerg] 1#1: host not found in upstream "tenant-ui" in /etc/nginx/conf.d/default.conf:23
2025/10/17 08:35:31 [emerg] 1#1: host not found in upstream "tenant-ui" in /etc/nginx/conf.d/default.conf:23
2025/10/17 08:35:37 [emerg] 1#1: host not found in upstream "tenant-ui" in /etc/nginx/conf.d/default.conf:23
2025/10/17 08:35:44 [emerg] 1#1: host not found in upstream "tenant-ui" in /etc/nginx/conf.d/default.conf:23
2025/10/17 08:35:53 [emerg] 1#1: host not found in upstream "tenant-ui" in /etc/nginx/conf.d/default.conf:23
2025/10/17 08:36:05 [emerg] 1#1: host not found in upstream "tenant-ui" in /etc/nginx/conf.d/default.conf:23
2025/10/17 08:36:23 [emerg] 1#1: host not found in upstream "tenant-ui" in /etc/nginx/conf.d/default.conf:23
2025/10/17 08:36:54 [emerg] 1#1: host not found in upstream "tenant-ui" in /etc/nginx/conf.d/default.conf:23
2025/10/17 08:37:51 [emerg] 1#1: host not found in upstream "tenant-ui" in /etc/nginx/conf.d/default.conf:23
2025/10/17 08:38:56 [emerg] 1#1: host not found in upstream "tenant-ui" in /etc/nginx/conf.d/default.conf:23
2025/10/17 08:40:02 [emerg] 1#1: host not found in upstream "tenant-ui" in /etc/nginx/conf.d/default.conf:23
2025/10/17 08:41:08 [emerg] 1#1: host not found in upstream "tenant-ui" in /etc/nginx/conf.d/default.conf:23
2025/10/17 08:42:13 [emerg] 1#1: host not found in upstream "tenant-ui" in /etc/nginx/conf.d/default.conf:23
2025/10/17 08:43:19 [emerg] 1#1: host not found in upstream "tenant-ui" in /etc/nginx/conf.d/default.conf:23
2025/10/17 08:44:24 [emerg] 1#1: host not found in upstream "tenant-ui" in /etc/nginx/conf.d/default.conf:23
2025/10/17 08:45:30 [emerg] 1#1: host not found in upstream "tenant-ui" in /etc/nginx/conf.d/default.conf:23
2025/10/17 08:47:36 [notice] 1#1: using the "epoll" event method
2025/10/17 08:47:36 [notice] 1#1: nginx/1.27.5
2025/10/17 08:47:36 [notice] 1#1: built by gcc 14.2.0 (Alpine 14.2.0) 
2025/10/17 08:47:36 [notice] 1#1: OS: Linux 6.14.0-1014-aws
2025/10/17 08:47:36 [notice] 1#1: getrlimit(RLIMIT_NOFILE): 1048576:1048576
2025/10/17 08:47:36 [notice] 1#1: start worker processes
2025/10/17 08:47:36 [notice] 1#1: start worker process 29
2025/10/17 08:47:36 [notice] 1#1: start worker process 30
2025/10/17 08:52:46 [error] 29#29: *1 connect() failed (111: Connection refused) while connecting to upstream, client: 185.242.226.113, server: ionledger.duckdns.org, request: "GET /ionledger-web-ui/ HTTP/1.1", upstream: "http://172.20.0.2:3000/", host: "13.200.12.158", referrer: "http://13.200.12.158:80/"
2025/10/17 08:55:01 [error] 30#30: *3 connect() failed (111: Connection refused) while connecting to upstream, client: 183.82.41.52, server: ionledger.duckdns.org, request: "GET /ionledger-web-ui/ HTTP/1.1", upstream: "http://172.20.0.2:3000/", host: "ionledger.duckdns.org"
2025/10/17 08:55:01 [error] 30#30: *3 open() "/etc/nginx/html/favicon.ico" failed (2: No such file or directory), client: 183.82.41.52, server: ionledger.duckdns.org, request: "GET /favicon.ico HTTP/1.1", host: "ionledger.duckdns.org", referrer: "http://ionledger.duckdns.org/ionledger-web-ui/"
2025/10/17 08:55:14 [error] 30#30: *3 connect() failed (111: Connection refused) while connecting to upstream, client: 183.82.41.52, server: ionledger.duckdns.org, request: "GET /ionledger-web-ui/ HTTP/1.1", upstream: "http://172.20.0.2:3000/", host: "ionledger.duckdns.org"
2025/10/17 08:55:22 [error] 30#30: *3 connect() failed (111: Connection refused) while connecting to upstream, client: 183.82.41.52, server: ionledger.duckdns.org, request: "GET /ionledger-web-ui/ HTTP/1.1", upstream: "http://172.20.0.2:3000/", host: "ionledger.duckdns.org"
2025/10/17 08:56:35 [error] 29#29: *8 open() "/etc/nginx/html/health" failed (2: No such file or directory), client: 103.217.239.66, server: ionledger.duckdns.org, request: "GET /health HTTP/1.1", host: "ionledger.duckdns.org"
2025/10/17 08:57:21 [error] 29#29: *9 connect() failed (111: Connection refused) while connecting to upstream, client: 183.82.41.52, server: ionledger.duckdns.org, request: "GET /ionledger-web-ui/ HTTP/1.1", upstream: "http://172.20.0.2:3000/", host: "ionledger.duckdns.org"
2025/10/17 08:57:31 [error] 29#29: *9 open() "/etc/nginx/html/openapi.json" failed (2: No such file or directory), client: 183.82.41.52, server: ionledger.duckdns.org, request: "GET /openapi.json HTTP/1.1", host: "ionledger.duckdns.org", referrer: "http://ionledger.duckdns.org/fastapi/docs"
2025/10/17 08:57:58 [error] 29#29: *9 open() "/etc/nginx/html/openapi.json" failed (2: No such file or directory), client: 183.82.41.52, server: ionledger.duckdns.org, request: "GET /openapi.json HTTP/1.1", host: "ionledger.duckdns.org", referrer: "http://ionledger.duckdns.org/fastapi/docs"
2025/10/17 08:58:15 [error] 29#29: *9 connect() failed (111: Connection refused) while connecting to upstream, client: 183.82.41.52, server: ionledger.duckdns.org, request: "GET /tenant-ui/ HTTP/1.1", upstream: "http://172.20.0.5:5101/", host: "ionledger.duckdns.org"
2025/10/17 08:59:03 [notice] 1#1: signal 3 (SIGQUIT) received, shutting down
2025/10/17 08:59:03 [notice] 29#29: gracefully shutting down
2025/10/17 08:59:03 [notice] 29#29: exiting
2025/10/17 08:59:03 [notice] 29#29: exit
2025/10/17 08:59:03 [notice] 30#30: gracefully shutting down
2025/10/17 08:59:03 [notice] 30#30: exiting
2025/10/17 08:59:03 [notice] 30#30: exit
2025/10/17 08:59:03 [notice] 1#1: signal 17 (SIGCHLD) received from 30
2025/10/17 08:59:03 [notice] 1#1: worker process 29 exited with code 0
2025/10/17 08:59:03 [notice] 1#1: worker process 30 exited with code 0
2025/10/17 08:59:03 [notice] 1#1: exit
2025/10/17 09:01:45 [notice] 1#1: using the "epoll" event method
2025/10/17 09:01:45 [notice] 1#1: nginx/1.27.5
2025/10/17 09:01:45 [notice] 1#1: built by gcc 14.2.0 (Alpine 14.2.0) 
2025/10/17 09:01:45 [notice] 1#1: OS: Linux 6.14.0-1014-aws
2025/10/17 09:01:45 [notice] 1#1: getrlimit(RLIMIT_NOFILE): 1048576:1048576
2025/10/17 09:01:45 [notice] 1#1: start worker processes
2025/10/17 09:01:45 [notice] 1#1: start worker process 29
2025/10/17 09:01:45 [notice] 1#1: start worker process 30
2025/10/17 09:03:13 [error] 30#30: *4 open() "/etc/nginx/html/assets/index-D3ShLNi0.js" failed (2: No such file or directory), client: 103.217.239.66, server: ionledger.duckdns.org, request: "GET /assets/index-D3ShLNi0.js HTTP/1.1", host: "ionledger.duckdns.org", referrer: "http://ionledger.duckdns.org/tenant-ui/"
2025/10/17 09:03:13 [error] 29#29: *3 open() "/etc/nginx/html/assets/index-CpkFi3qT.css" failed (2: No such file or directory), client: 103.217.239.66, server: ionledger.duckdns.org, request: "GET /assets/index-CpkFi3qT.css HTTP/1.1", host: "ionledger.duckdns.org", referrer: "http://ionledger.duckdns.org/tenant-ui/"
2025/10/17 09:03:13 [error] 29#29: *3 open() "/etc/nginx/html/img/logo/traction-logo-5.png" failed (2: No such file or directory), client: 103.217.239.66, server: ionledger.duckdns.org, request: "GET /img/logo/traction-logo-5.png HTTP/1.1", host: "ionledger.duckdns.org", referrer: "http://ionledger.duckdns.org/tenant-ui/"
2025/10/17 09:03:49 [error] 29#29: *3 open() "/etc/nginx/html/assets/index-D3ShLNi0.js" failed (2: No such file or directory), client: 103.217.239.66, server: ionledger.duckdns.org, request: "GET /assets/index-D3ShLNi0.js HTTP/1.1", host: "ionledger.duckdns.org", referrer: "http://ionledger.duckdns.org/tenant-ui/"
2025/10/17 09:03:49 [error] 30#30: *4 open() "/etc/nginx/html/assets/index-CpkFi3qT.css" failed (2: No such file or directory), client: 103.217.239.66, server: ionledger.duckdns.org, request: "GET /assets/index-CpkFi3qT.css HTTP/1.1", host: "ionledger.duckdns.org", referrer: "http://ionledger.duckdns.org/tenant-ui/"
2025/10/17 09:10:12 [error] 29#29: *15 open() "/etc/nginx/html/openapi.json" failed (2: No such file or directory), client: 103.217.239.66, server: ionledger.duckdns.org, request: "GET /openapi.json HTTP/1.1", host: "ionledger.duckdns.org", referrer: "http://ionledger.duckdns.org/fastapi/docs"
2025/10/17 09:20:10 [error] 29#29: *22 open() "/etc/nginx/html/assets/index-D3ShLNi0.js" failed (2: No such file or directory), client: 103.217.239.66, server: ionledger.duckdns.org, request: "GET /assets/index-D3ShLNi0.js HTTP/1.1", host: "ionledger.duckdns.org", referrer: "http://ionledger.duckdns.org/tenant-ui/"
2025/10/17 09:20:10 [error] 29#29: *24 open() "/etc/nginx/html/assets/index-CpkFi3qT.css" failed (2: No such file or directory), client: 103.217.239.66, server: ionledger.duckdns.org, request: "GET /assets/index-CpkFi3qT.css HTTP/1.1", host: "ionledger.duckdns.org", referrer: "http://ionledger.duckdns.org/tenant-ui/"
2025/10/17 09:20:10 [error] 29#29: *24 open() "/etc/nginx/html/img/logo/traction-logo-5.png" failed (2: No such file or directory), client: 103.217.239.66, server: ionledger.duckdns.org, request: "GET /img/logo/traction-logo-5.png HTTP/1.1", host: "ionledger.duckdns.org", referrer: "http://ionledger.duckdns.org/tenant-ui/"
2025/10/17 09:22:02 [error] 29#29: *22 open() "/etc/nginx/html/assets/index-D3ShLNi0.js" failed (2: No such file or directory), client: 103.217.239.66, server: ionledger.duckdns.org, request: "GET /assets/index-D3ShLNi0.js HTTP/1.1", host: "ionledger.duckdns.org", referrer: "http://ionledger.duckdns.org/tenant-ui/"
2025/10/17 09:22:02 [error] 29#29: *22 open() "/etc/nginx/html/assets/index-CpkFi3qT.css" failed (2: No such file or directory), client: 103.217.239.66, server: ionledger.duckdns.org, request: "GET /assets/index-CpkFi3qT.css HTTP/1.1", host: "ionledger.duckdns.org", referrer: "http://ionledger.duckdns.org/tenant-ui/"
2025/10/17 09:22:19 [error] 29#29: *22 connect() failed (111: Connection refused) while connecting to upstream, client: 103.217.239.66, server: ionledger.duckdns.org, request: "GET /traction-agent/ HTTP/1.1", upstream: "http://172.31.16.52:8032/", host: "ionledger.duckdns.org"
2025/10/17 09:23:42 [notice] 1#1: signal 3 (SIGQUIT) received, shutting down
2025/10/17 09:23:42 [notice] 29#29: gracefully shutting down
2025/10/17 09:23:42 [notice] 29#29: exiting
2025/10/17 09:23:42 [notice] 29#29: exit
2025/10/17 09:23:42 [notice] 30#30: gracefully shutting down
2025/10/17 09:23:42 [notice] 30#30: exiting
2025/10/17 09:23:42 [notice] 30#30: exit
2025/10/17 09:23:42 [notice] 1#1: signal 17 (SIGCHLD) received from 30
2025/10/17 09:23:42 [notice] 1#1: worker process 29 exited with code 0
2025/10/17 09:23:42 [notice] 1#1: worker process 30 exited with code 0
2025/10/17 09:23:42 [notice] 1#1: exit
2025/10/17 09:26:29 [notice] 1#1: using the "epoll" event method
2025/10/17 09:26:29 [notice] 1#1: nginx/1.27.5
2025/10/17 09:26:29 [notice] 1#1: built by gcc 14.2.0 (Alpine 14.2.0) 
2025/10/17 09:26:29 [notice] 1#1: OS: Linux 6.14.0-1014-aws
2025/10/17 09:26:29 [notice] 1#1: getrlimit(RLIMIT_NOFILE): 1048576:1048576
2025/10/17 09:26:29 [notice] 1#1: start worker processes
2025/10/17 09:26:29 [notice] 1#1: start worker process 29
2025/10/17 09:26:29 [notice] 1#1: start worker process 30
2025/10/17 09:35:56 [notice] 1#1: signal 3 (SIGQUIT) received, shutting down
2025/10/17 09:35:56 [notice] 30#30: gracefully shutting down
2025/10/17 09:35:56 [notice] 30#30: exiting
2025/10/17 09:35:56 [notice] 30#30: exit
2025/10/17 09:35:56 [notice] 29#29: gracefully shutting down
2025/10/17 09:35:56 [notice] 29#29: exiting
2025/10/17 09:35:56 [notice] 29#29: exit
2025/10/17 09:35:56 [notice] 1#1: signal 17 (SIGCHLD) received from 29
2025/10/17 09:35:56 [notice] 1#1: worker process 29 exited with code 0
2025/10/17 09:35:56 [notice] 1#1: signal 29 (SIGIO) received
2025/10/17 09:35:56 [notice] 1#1: signal 17 (SIGCHLD) received from 30
2025/10/17 09:35:56 [notice] 1#1: worker process 30 exited with code 0
2025/10/17 09:35:56 [notice] 1#1: exit
2025/10/17 09:36:59 [notice] 1#1: using the "epoll" event method
2025/10/17 09:36:59 [notice] 1#1: nginx/1.27.5
2025/10/17 09:36:59 [notice] 1#1: built by gcc 14.2.0 (Alpine 14.2.0) 
2025/10/17 09:36:59 [notice] 1#1: OS: Linux 6.14.0-1014-aws
2025/10/17 09:36:59 [notice] 1#1: getrlimit(RLIMIT_NOFILE): 1048576:1048576
2025/10/17 09:36:59 [notice] 1#1: start worker processes
2025/10/17 09:36:59 [notice] 1#1: start worker process 29
2025/10/17 09:36:59 [notice] 1#1: start worker process 30
2025/10/17 09:38:12 [error] 29#29: *1 open() "/etc/nginx/html/traction-ui" failed (2: No such file or directory), client: 183.82.41.52, server: ionledger.duckdns.org, request: "GET /traction-ui HTTP/1.1", host: "ionledger.duckdns.org"
2025/10/17 09:38:30 [error] 29#29: *1 open() "/etc/nginx/html/assets/index-D3ShLNi0.js" failed (2: No such file or directory), client: 183.82.41.52, server: ionledger.duckdns.org, request: "GET /assets/index-D3ShLNi0.js HTTP/1.1", host: "ionledger.duckdns.org", referrer: "http://ionledger.duckdns.org/tenant-ui/"
2025/10/17 09:38:30 [error] 30#30: *2 open() "/etc/nginx/html/assets/index-CpkFi3qT.css" failed (2: No such file or directory), client: 183.82.41.52, server: ionledger.duckdns.org, request: "GET /assets/index-CpkFi3qT.css HTTP/1.1", host: "ionledger.duckdns.org", referrer: "http://ionledger.duckdns.org/tenant-ui/"
2025/10/17 09:41:39 [notice] 1#1: signal 3 (SIGQUIT) received, shutting down
2025/10/17 09:41:39 [notice] 30#30: gracefully shutting down
2025/10/17 09:41:39 [notice] 30#30: exiting
2025/10/17 09:41:39 [notice] 29#29: gracefully shutting down
2025/10/17 09:41:39 [notice] 29#29: exiting
2025/10/17 09:41:39 [notice] 30#30: exit
2025/10/17 09:41:39 [notice] 29#29: exit
2025/10/17 09:41:39 [notice] 1#1: signal 17 (SIGCHLD) received from 30
2025/10/17 09:41:39 [notice] 1#1: worker process 29 exited with code 0
2025/10/17 09:41:39 [notice] 1#1: worker process 30 exited with code 0
2025/10/17 09:41:39 [notice] 1#1: exit
2025/10/17 09:42:48 [emerg] 1#1: host not found in upstream "tenant-proxy" in /etc/nginx/conf.d/default.conf:49
2025/10/17 09:42:54 [emerg] 1#1: host not found in upstream "tenant-proxy" in /etc/nginx/conf.d/default.conf:49
2025/10/17 09:43:01 [emerg] 1#1: host not found in upstream "tenant-proxy" in /etc/nginx/conf.d/default.conf:49
2025/10/17 09:43:08 [emerg] 1#1: host not found in upstream "tenant-proxy" in /etc/nginx/conf.d/default.conf:49
2025/10/17 09:43:15 [emerg] 1#1: host not found in upstream "tenant-proxy" in /etc/nginx/conf.d/default.conf:49
2025/10/17 09:43:22 [emerg] 1#1: host not found in upstream "tenant-proxy" in /etc/nginx/conf.d/default.conf:49
2025/10/17 09:43:31 [emerg] 1#1: host not found in upstream "tenant-proxy" in /etc/nginx/conf.d/default.conf:49
2025/10/17 09:43:43 [emerg] 1#1: host not found in upstream "tenant-proxy" in /etc/nginx/conf.d/default.conf:49
2025/10/17 09:44:01 [emerg] 1#1: host not found in upstream "tenant-proxy" in /etc/nginx/conf.d/default.conf:49
2025/10/17 09:44:32 [emerg] 1#1: host not found in upstream "tenant-proxy" in /etc/nginx/conf.d/default.conf:49
2025/10/17 09:45:29 [emerg] 1#1: host not found in upstream "tenant-proxy" in /etc/nginx/conf.d/default.conf:49
2025/10/17 09:46:35 [emerg] 1#1: host not found in upstream "tenant-proxy" in /etc/nginx/conf.d/default.conf:49
2025/10/17 09:47:40 [emerg] 1#1: host not found in upstream "tenant-proxy" in /etc/nginx/conf.d/default.conf:49
2025/10/17 09:48:46 [emerg] 1#1: host not found in upstream "tenant-proxy" in /etc/nginx/conf.d/default.conf:49
2025/10/17 09:49:51 [emerg] 1#1: host not found in upstream "tenant-proxy" in /etc/nginx/conf.d/default.conf:49
2025/10/17 09:50:57 [emerg] 1#1: host not found in upstream "tenant-proxy" in /etc/nginx/conf.d/default.conf:49
2025/10/17 09:52:56 [emerg] 1#1: host not found in upstream "tenant-proxy" in /etc/nginx/conf.d/default.conf:49
2025/10/17 09:53:03 [emerg] 1#1: host not found in upstream "tenant-proxy" in /etc/nginx/conf.d/default.conf:49
2025/10/17 09:53:09 [emerg] 1#1: host not found in upstream "tenant-proxy" in /etc/nginx/conf.d/default.conf:49
2025/10/17 09:53:16 [emerg] 1#1: host not found in upstream "tenant-proxy" in /etc/nginx/conf.d/default.conf:49
2025/10/17 09:53:22 [emerg] 1#1: host not found in upstream "tenant-proxy" in /etc/nginx/conf.d/default.conf:49
2025/10/17 09:53:30 [emerg] 1#1: host not found in upstream "tenant-proxy" in /etc/nginx/conf.d/default.conf:49
2025/10/17 09:53:39 [emerg] 1#1: host not found in upstream "tenant-proxy" in /etc/nginx/conf.d/default.conf:49
2025/10/17 09:53:51 [emerg] 1#1: host not found in upstream "tenant-proxy" in /etc/nginx/conf.d/default.conf:49
2025/10/17 09:54:09 [emerg] 1#1: host not found in upstream "tenant-proxy" in /etc/nginx/conf.d/default.conf:49
2025/10/17 09:54:40 [emerg] 1#1: host not found in upstream "tenant-proxy" in /etc/nginx/conf.d/default.conf:49
2025/10/17 09:55:37 [emerg] 1#1: host not found in upstream "tenant-proxy" in /etc/nginx/conf.d/default.conf:49
2025/10/17 10:00:10 [emerg] 1#1: host not found in upstream "tenant-proxy" in /etc/nginx/conf.d/default.conf:49
2025/10/17 10:00:17 [emerg] 1#1: host not found in upstream "tenant-proxy" in /etc/nginx/conf.d/default.conf:49
2025/10/17 10:00:24 [emerg] 1#1: host not found in upstream "tenant-proxy" in /etc/nginx/conf.d/default.conf:49
2025/10/17 10:00:30 [emerg] 1#1: host not found in upstream "tenant-proxy" in /etc/nginx/conf.d/default.conf:49
2025/10/17 10:00:37 [emerg] 1#1: host not found in upstream "tenant-proxy" in /etc/nginx/conf.d/default.conf:49
2025/10/17 10:00:44 [emerg] 1#1: host not found in upstream "tenant-proxy" in /etc/nginx/conf.d/default.conf:49
2025/10/17 10:00:52 [emerg] 1#1: host not found in upstream "tenant-proxy" in /etc/nginx/conf.d/default.conf:49
2025/10/17 10:01:04 [emerg] 1#1: host not found in upstream "tenant-proxy" in /etc/nginx/conf.d/default.conf:49
2025/10/17 10:01:22 [emerg] 1#1: host not found in upstream "tenant-proxy" in /etc/nginx/conf.d/default.conf:49
2025/10/17 10:01:54 [emerg] 1#1: host not found in upstream "tenant-proxy" in /etc/nginx/conf.d/default.conf:49
2025/10/17 10:02:50 [emerg] 1#1: host not found in upstream "tenant-proxy" in /etc/nginx/conf.d/default.conf:49
2025/10/17 10:03:56 [emerg] 1#1: host not found in upstream "tenant-proxy" in /etc/nginx/conf.d/default.conf:49
2025/10/17 10:05:02 [emerg] 1#1: host not found in upstream "tenant-proxy" in /etc/nginx/conf.d/default.conf:49
2025/10/17 10:06:07 [emerg] 1#1: host not found in upstream "tenant-proxy" in /etc/nginx/conf.d/default.conf:49
2025/10/17 10:07:13 [emerg] 1#1: host not found in upstream "tenant-proxy" in /etc/nginx/conf.d/default.conf:49
2025/10/17 10:08:18 [emerg] 1#1: host not found in upstream "tenant-proxy" in /etc/nginx/conf.d/default.conf:49
2025/10/17 10:09:23 [emerg] 1#1: host not found in upstream "tenant-proxy" in /etc/nginx/conf.d/default.conf:49
2025/10/17 10:10:29 [emerg] 1#1: host not found in upstream "tenant-proxy" in /etc/nginx/conf.d/default.conf:49
2025/10/17 10:11:35 [emerg] 1#1: host not found in upstream "tenant-proxy" in /etc/nginx/conf.d/default.conf:49
2025/10/17 10:12:40 [emerg] 1#1: host not found in upstream "tenant-proxy" in /etc/nginx/conf.d/default.conf:49
2025/10/17 10:13:46 [emerg] 1#1: host not found in upstream "tenant-proxy" in /etc/nginx/conf.d/default.conf:49
2025/10/17 10:14:51 [emerg] 1#1: host not found in upstream "tenant-proxy" in /etc/nginx/conf.d/default.conf:49
2025/10/17 10:15:57 [emerg] 1#1: host not found in upstream "tenant-proxy" in /etc/nginx/conf.d/default.conf:49
2025/10/17 10:17:02 [emerg] 1#1: host not found in upstream "tenant-proxy" in /etc/nginx/conf.d/default.conf:49
2025/10/17 10:25:36 [notice] 1#1: using the "epoll" event method
2025/10/17 10:25:36 [notice] 1#1: nginx/1.27.5
2025/10/17 10:25:36 [notice] 1#1: built by gcc 14.2.0 (Alpine 14.2.0) 
2025/10/17 10:25:36 [notice] 1#1: OS: Linux 6.14.0-1014-aws
2025/10/17 10:25:36 [notice] 1#1: getrlimit(RLIMIT_NOFILE): 1048576:1048576
2025/10/17 10:25:36 [notice] 1#1: start worker processes
2025/10/17 10:25:36 [notice] 1#1: start worker process 29
2025/10/17 10:25:36 [notice] 1#1: start worker process 30
2025/10/17 10:27:58 [error] 29#29: *1 open() "/etc/nginx/html/assets/index-D3ShLNi0.js" failed (2: No such file or directory), client: 103.217.239.66, server: ionledger.duckdns.org, request: "GET /assets/index-D3ShLNi0.js HTTP/1.1", host: "ionledger.duckdns.org", referrer: "http://ionledger.duckdns.org/tenant-ui/"
2025/10/17 10:27:58 [error] 29#29: *4 open() "/etc/nginx/html/assets/index-CpkFi3qT.css" failed (2: No such file or directory), client: 103.217.239.66, server: ionledger.duckdns.org, request: "GET /assets/index-CpkFi3qT.css HTTP/1.1", host: "ionledger.duckdns.org", referrer: "http://ionledger.duckdns.org/tenant-ui/"
2025/10/17 10:28:20 [notice] 1#1: signal 3 (SIGQUIT) received, shutting down
2025/10/17 10:28:20 [notice] 29#29: gracefully shutting down
2025/10/17 10:28:20 [notice] 29#29: exiting
2025/10/17 10:28:20 [notice] 29#29: exit
2025/10/17 10:28:20 [notice] 30#30: gracefully shutting down
2025/10/17 10:28:21 [notice] 1#1: signal 17 (SIGCHLD) received from 29
2025/10/17 10:28:21 [notice] 1#1: worker process 29 exited with code 0
2025/10/17 10:28:21 [notice] 1#1: signal 29 (SIGIO) received
2025/10/17 10:29:18 [notice] 1#1: using the "epoll" event method
2025/10/17 10:29:18 [notice] 1#1: nginx/1.27.5
2025/10/17 10:29:18 [notice] 1#1: built by gcc 14.2.0 (Alpine 14.2.0) 
2025/10/17 10:29:18 [notice] 1#1: OS: Linux 6.14.0-1014-aws
2025/10/17 10:29:18 [notice] 1#1: getrlimit(RLIMIT_NOFILE): 1048576:1048576
2025/10/17 10:29:18 [notice] 1#1: start worker processes
2025/10/17 10:29:18 [notice] 1#1: start worker process 29
2025/10/17 10:29:18 [notice] 1#1: start worker process 30
2025/10/17 10:43:07 [notice] 1#1: signal 3 (SIGQUIT) received, shutting down
2025/10/17 10:43:07 [notice] 29#29: gracefully shutting down
2025/10/17 10:43:07 [notice] 29#29: exiting
2025/10/17 10:43:07 [notice] 29#29: exit
2025/10/17 10:43:07 [notice] 30#30: gracefully shutting down
2025/10/17 10:43:07 [notice] 30#30: exiting
2025/10/17 10:43:07 [notice] 30#30: exit
2025/10/17 10:43:07 [notice] 1#1: signal 17 (SIGCHLD) received from 29
2025/10/17 10:43:07 [notice] 1#1: worker process 29 exited with code 0
2025/10/17 10:43:07 [notice] 1#1: worker process 30 exited with code 0
2025/10/17 10:43:07 [notice] 1#1: exit
2025/10/17 10:43:08 [emerg] 1#1: host not found in upstream "tenant-proxy" in /etc/nginx/conf.d/default.conf:49
2025/10/17 10:43:14 [emerg] 1#1: host not found in upstream "tenant-proxy" in /etc/nginx/conf.d/default.conf:49
2025/10/17 10:43:20 [emerg] 1#1: host not found in upstream "tenant-proxy" in /etc/nginx/conf.d/default.conf:49
2025/10/17 10:46:47 [emerg] 1#1: host not found in upstream "tenant-proxy" in /etc/nginx/conf.d/default.conf:49
2025/10/17 10:46:54 [emerg] 1#1: host not found in upstream "tenant-proxy" in /etc/nginx/conf.d/default.conf:49
2025/10/17 10:47:01 [emerg] 1#1: host not found in upstream "tenant-proxy" in /etc/nginx/conf.d/default.conf:49
2025/10/17 10:47:07 [emerg] 1#1: host not found in upstream "tenant-proxy" in /etc/nginx/conf.d/default.conf:49
2025/10/17 10:47:14 [emerg] 1#1: host not found in upstream "tenant-proxy" in /etc/nginx/conf.d/default.conf:49
2025/10/17 10:47:21 [emerg] 1#1: host not found in upstream "tenant-proxy" in /etc/nginx/conf.d/default.conf:49
2025/10/17 10:47:30 [emerg] 1#1: host not found in upstream "tenant-proxy" in /etc/nginx/conf.d/default.conf:49
2025/10/17 10:47:42 [emerg] 1#1: host not found in upstream "tenant-proxy" in /etc/nginx/conf.d/default.conf:49
2025/10/17 10:48:00 [emerg] 1#1: host not found in upstream "tenant-proxy" in /etc/nginx/conf.d/default.conf:49
2025/10/17 10:48:31 [emerg] 1#1: host not found in upstream "tenant-proxy" in /etc/nginx/conf.d/default.conf:49
2025/10/17 10:49:28 [emerg] 1#1: host not found in upstream "tenant-proxy" in /etc/nginx/conf.d/default.conf:49
2025/10/17 10:50:33 [emerg] 1#1: host not found in upstream "tenant-proxy" in /etc/nginx/conf.d/default.conf:49
2025/10/17 10:51:39 [emerg] 1#1: host not found in upstream "tenant-proxy" in /etc/nginx/conf.d/default.conf:49
2025/10/17 10:52:45 [emerg] 1#1: host not found in upstream "tenant-proxy" in /etc/nginx/conf.d/default.conf:49
2025/10/17 10:53:50 [emerg] 1#1: host not found in upstream "tenant-proxy" in /etc/nginx/conf.d/default.conf:49
2025/10/17 10:54:56 [emerg] 1#1: host not found in upstream "tenant-proxy" in /etc/nginx/conf.d/default.conf:49
2025/10/17 10:56:01 [emerg] 1#1: host not found in upstream "tenant-proxy" in /etc/nginx/conf.d/default.conf:49
2025/10/17 10:57:07 [emerg] 1#1: host not found in upstream "tenant-proxy" in /etc/nginx/conf.d/default.conf:49
2025/10/17 10:58:12 [emerg] 1#1: host not found in upstream "tenant-proxy" in /etc/nginx/conf.d/default.conf:49
2025/10/17 10:59:18 [emerg] 1#1: host not found in upstream "tenant-proxy" in /etc/nginx/conf.d/default.conf:49
2025/10/17 11:00:23 [emerg] 1#1: host not found in upstream "tenant-proxy" in /etc/nginx/conf.d/default.conf:49
2025/10/17 11:01:29 [emerg] 1#1: host not found in upstream "tenant-proxy" in /etc/nginx/conf.d/default.conf:49
2025/10/17 11:02:34 [emerg] 1#1: host not found in upstream "tenant-proxy" in /etc/nginx/conf.d/default.conf:49
2025/10/17 11:03:40 [emerg] 1#1: host not found in upstream "tenant-proxy" in /etc/nginx/conf.d/default.conf:49
2025/10/17 11:04:45 [emerg] 1#1: host not found in upstream "tenant-proxy" in /etc/nginx/conf.d/default.conf:49
2025/10/17 11:05:51 [emerg] 1#1: host not found in upstream "tenant-proxy" in /etc/nginx/conf.d/default.conf:49
2025/10/17 11:06:56 [emerg] 1#1: host not found in upstream "tenant-proxy" in /etc/nginx/conf.d/default.conf:49
2025/10/17 11:08:02 [emerg] 1#1: host not found in upstream "tenant-proxy" in /etc/nginx/conf.d/default.conf:49
2025/10/17 11:09:07 [emerg] 1#1: host not found in upstream "tenant-proxy" in /etc/nginx/conf.d/default.conf:49
2025/10/17 11:10:13 [emerg] 1#1: host not found in upstream "tenant-proxy" in /etc/nginx/conf.d/default.conf:49
2025/10/17 11:11:18 [emerg] 1#1: host not found in upstream "tenant-proxy" in /etc/nginx/conf.d/default.conf:49
2025/10/17 11:12:24 [emerg] 1#1: host not found in upstream "tenant-proxy" in /etc/nginx/conf.d/default.conf:49
2025/10/17 11:13:29 [emerg] 1#1: host not found in upstream "tenant-proxy" in /etc/nginx/conf.d/default.conf:49
2025/10/17 11:14:35 [emerg] 1#1: host not found in upstream "tenant-proxy" in /etc/nginx/conf.d/default.conf:49
2025/10/17 11:15:40 [emerg] 1#1: host not found in upstream "tenant-proxy" in /etc/nginx/conf.d/default.conf:49
2025/10/17 11:17:17 [notice] 1#1: using the "epoll" event method
2025/10/17 11:17:17 [notice] 1#1: nginx/1.27.5
2025/10/17 11:17:17 [notice] 1#1: built by gcc 14.2.0 (Alpine 14.2.0) 
2025/10/17 11:17:17 [notice] 1#1: OS: Linux 6.14.0-1014-aws
2025/10/17 11:17:17 [notice] 1#1: getrlimit(RLIMIT_NOFILE): 1048576:1048576
2025/10/17 11:17:17 [notice] 1#1: start worker processes
2025/10/17 11:17:17 [notice] 1#1: start worker process 31
2025/10/17 11:17:17 [notice] 1#1: start worker process 32
2025/10/17 11:19:54 [error] 31#31: *1 connect() failed (111: Connection refused) while connecting to upstream, client: 103.217.239.66, server: ionledger.duckdns.org, request: "GET /tenant-ui/ HTTP/1.1", upstream: "http://172.19.0.4:5101/", host: "ionledger.duckdns.org"
2025/10/17 11:20:05 [error] 31#31: *1 connect() failed (111: Connection refused) while connecting to upstream, client: 103.217.239.66, server: ionledger.duckdns.org, request: "GET /tenant-ui/ HTTP/1.1", upstream: "http://172.19.0.4:5101/", host: "ionledger.duckdns.org"
2025/10/17 11:21:52 [notice] 1#1: signal 3 (SIGQUIT) received, shutting down
2025/10/17 11:21:52 [notice] 32#32: gracefully shutting down
2025/10/17 11:21:52 [notice] 32#32: exiting
2025/10/17 11:21:52 [notice] 31#31: gracefully shutting down
2025/10/17 11:21:52 [notice] 31#31: exiting
2025/10/17 11:21:52 [notice] 32#32: exit
2025/10/17 11:21:52 [notice] 31#31: exit
2025/10/17 11:21:52 [notice] 1#1: signal 17 (SIGCHLD) received from 32
2025/10/17 11:21:52 [notice] 1#1: worker process 32 exited with code 0
2025/10/17 11:21:52 [notice] 1#1: signal 29 (SIGIO) received
2025/10/17 11:21:52 [notice] 1#1: signal 17 (SIGCHLD) received from 31
2025/10/17 11:21:52 [notice] 1#1: worker process 31 exited with code 0
2025/10/17 11:21:52 [notice] 1#1: exit
2025/10/17 11:25:52 [notice] 1#1: using the "epoll" event method
2025/10/17 11:25:52 [notice] 1#1: nginx/1.27.5
2025/10/17 11:25:52 [notice] 1#1: built by gcc 14.2.0 (Alpine 14.2.0) 
2025/10/17 11:25:52 [notice] 1#1: OS: Linux 6.14.0-1014-aws
2025/10/17 11:25:52 [notice] 1#1: getrlimit(RLIMIT_NOFILE): 1048576:1048576
2025/10/17 11:25:52 [notice] 1#1: start worker processes
2025/10/17 11:25:52 [notice] 1#1: start worker process 29
2025/10/17 11:25:52 [notice] 1#1: start worker process 30
2025/10/17 11:26:56 [error] 29#29: *2 connect() failed (111: Connection refused) while connecting to upstream, client: 183.82.41.52, server: ionledger.duckdns.org, request: "GET /tenant-ui/ HTTP/1.1", upstream: "http://172.19.0.4:80/", host: "ionledger.duckdns.org"
2025/10/17 11:41:15 [notice] 1#1: signal 3 (SIGQUIT) received, shutting down
2025/10/17 11:41:15 [notice] 29#29: gracefully shutting down
2025/10/17 11:41:15 [notice] 30#30: gracefully shutting down
2025/10/17 11:41:15 [notice] 30#30: exiting
2025/10/17 11:41:15 [notice] 29#29: exiting
2025/10/17 11:41:15 [notice] 29#29: exit
2025/10/17 11:41:15 [notice] 30#30: exit
2025/10/17 11:41:15 [notice] 1#1: signal 17 (SIGCHLD) received from 30
2025/10/17 11:41:15 [notice] 1#1: worker process 30 exited with code 0
2025/10/17 11:41:15 [notice] 1#1: signal 29 (SIGIO) received
2025/10/17 11:41:15 [notice] 1#1: signal 17 (SIGCHLD) received from 29
2025/10/17 11:41:15 [notice] 1#1: worker process 29 exited with code 0
2025/10/17 11:41:15 [notice] 1#1: exit
2025/10/17 11:41:56 [emerg] 1#1: host not found in upstream "tenant-proxy" in /etc/nginx/conf.d/default.conf:51
2025/10/17 11:42:03 [emerg] 1#1: host not found in upstream "tenant-proxy" in /etc/nginx/conf.d/default.conf:51
2025/10/17 11:42:09 [emerg] 1#1: host not found in upstream "tenant-proxy" in /etc/nginx/conf.d/default.conf:51
2025/10/17 11:42:16 [emerg] 1#1: host not found in upstream "tenant-proxy" in /etc/nginx/conf.d/default.conf:51
2025/10/17 11:42:22 [emerg] 1#1: host not found in upstream "tenant-proxy" in /etc/nginx/conf.d/default.conf:51
2025/10/17 11:42:29 [emerg] 1#1: host not found in upstream "tenant-proxy" in /etc/nginx/conf.d/default.conf:51
2025/10/17 11:42:38 [emerg] 1#1: host not found in upstream "tenant-proxy" in /etc/nginx/conf.d/default.conf:51
2025/10/17 11:42:50 [emerg] 1#1: host not found in upstream "tenant-proxy" in /etc/nginx/conf.d/default.conf:51
2025/10/17 11:43:08 [emerg] 1#1: host not found in upstream "tenant-proxy" in /etc/nginx/conf.d/default.conf:51
2025/10/17 11:43:39 [emerg] 1#1: host not found in upstream "tenant-proxy" in /etc/nginx/conf.d/default.conf:51
2025/10/17 11:44:36 [emerg] 1#1: host not found in upstream "tenant-proxy" in /etc/nginx/conf.d/default.conf:52
2025/10/17 11:45:28 [emerg] 1#1: host not found in upstream "tenant-proxy" in /etc/nginx/conf.d/default.conf:52
2025/10/17 11:45:35 [emerg] 1#1: host not found in upstream "tenant-proxy" in /etc/nginx/conf.d/default.conf:52
2025/10/17 11:45:41 [emerg] 1#1: host not found in upstream "tenant-proxy" in /etc/nginx/conf.d/default.conf:52
2025/10/17 11:45:48 [emerg] 1#1: host not found in upstream "tenant-proxy" in /etc/nginx/conf.d/default.conf:52
2025/10/17 11:45:55 [emerg] 1#1: host not found in upstream "tenant-proxy" in /etc/nginx/conf.d/default.conf:52
2025/10/17 11:46:02 [emerg] 1#1: host not found in upstream "tenant-proxy" in /etc/nginx/conf.d/default.conf:52
2025/10/17 11:46:11 [emerg] 1#1: host not found in upstream "tenant-proxy" in /etc/nginx/conf.d/default.conf:52
2025/10/17 11:46:23 [emerg] 1#1: host not found in upstream "tenant-proxy" in /etc/nginx/conf.d/default.conf:52
2025/10/17 11:46:41 [emerg] 1#1: host not found in upstream "tenant-proxy" in /etc/nginx/conf.d/default.conf:52
2025/10/17 11:47:12 [emerg] 1#1: host not found in upstream "tenant-proxy" in /etc/nginx/conf.d/default.conf:52
2025/10/17 11:48:21 [emerg] 1#1: host not found in upstream "tenant-proxy" in /etc/nginx/conf.d/default.conf:52
2025/10/17 11:48:28 [emerg] 1#1: host not found in upstream "tenant-proxy" in /etc/nginx/conf.d/default.conf:52
2025/10/17 11:48:34 [emerg] 1#1: host not found in upstream "tenant-proxy" in /etc/nginx/conf.d/default.conf:52
2025/10/17 11:48:41 [emerg] 1#1: host not found in upstream "tenant-proxy" in /etc/nginx/conf.d/default.conf:52
2025/10/17 11:48:47 [emerg] 1#1: host not found in upstream "tenant-proxy" in /etc/nginx/conf.d/default.conf:52
2025/10/17 11:48:54 [emerg] 1#1: host not found in upstream "tenant-proxy" in /etc/nginx/conf.d/default.conf:52
2025/10/17 11:49:03 [emerg] 1#1: host not found in upstream "tenant-proxy" in /etc/nginx/conf.d/default.conf:52
2025/10/17 11:49:15 [emerg] 1#1: host not found in upstream "tenant-proxy" in /etc/nginx/conf.d/default.conf:52
2025/10/17 11:49:33 [notice] 1#1: using the "epoll" event method
2025/10/17 11:49:33 [notice] 1#1: nginx/1.27.5
2025/10/17 11:49:33 [notice] 1#1: built by gcc 14.2.0 (Alpine 14.2.0) 
2025/10/17 11:49:33 [notice] 1#1: OS: Linux 6.14.0-1014-aws
2025/10/17 11:49:33 [notice] 1#1: getrlimit(RLIMIT_NOFILE): 1048576:1048576
2025/10/17 11:49:33 [notice] 1#1: start worker processes
2025/10/17 11:49:33 [notice] 1#1: start worker process 29
2025/10/17 11:49:33 [notice] 1#1: start worker process 30
2025/10/17 11:51:48 [error] 29#29: *1 open() "/etc/nginx/html/assets/index-D3ShLNi0.js" failed (2: No such file or directory), client: 183.82.41.52, server: ionledger.duckdns.org, request: "GET /assets/index-D3ShLNi0.js HTTP/1.1", host: "ionledger.duckdns.org", referrer: "http://ionledger.duckdns.org/tenant-ui/"
2025/10/17 11:51:48 [error] 30#30: *2 open() "/etc/nginx/html/assets/index-CpkFi3qT.css" failed (2: No such file or directory), client: 183.82.41.52, server: ionledger.duckdns.org, request: "GET /assets/index-CpkFi3qT.css HTTP/1.1", host: "ionledger.duckdns.org", referrer: "http://ionledger.duckdns.org/tenant-ui/"
2025/10/17 16:09:45 [error] 29#29: *15 open() "/etc/nginx/html/.env" failed (2: No such file or directory), client: 143.198.94.32, server: ionledger.duckdns.org, request: "GET /.env HTTP/1.1", host: "13.200.12.158"
2025/10/17 16:09:46 [error] 29#29: *16 open() "/etc/nginx/html/.git/config" failed (2: No such file or directory), client: 143.198.94.32, server: ionledger.duckdns.org, request: "GET /.git/config HTTP/1.1", host: "13.200.12.158"
2025/10/17 17:28:50 [error] 29#29: *20 open() "/etc/nginx/html/ionledger_logo.png" failed (2: No such file or directory), client: 185.242.226.113, server: ionledger.duckdns.org, request: "GET /ionledger_logo.png HTTP/1.1", host: "13.200.12.158"
2025/10/17 17:28:50 [error] 29#29: *21 open() "/etc/nginx/html/logo192.png" failed (2: No such file or directory), client: 185.242.226.113, server: ionledger.duckdns.org, request: "GET /logo192.png HTTP/1.1", host: "13.200.12.158"
2025/10/17 18:09:46 [error] 29#29: *22 open() "/etc/nginx/html/robots.txt" failed (2: No such file or directory), client: 45.58.127.135, server: ionledger.duckdns.org, request: "GET /robots.txt HTTP/1.0", host: "13.200.12.158"
2025/10/17 19:17:35 [error] 30#30: *28 open() "/etc/nginx/html/index.htm" failed (2: No such file or directory), client: 195.96.129.4, server: ionledger.duckdns.org, request: "GET /index.htm HTTP/1.1", host: "13.200.12.158:80"
2025/10/17 19:32:09 [error] 30#30: *29 open() "/etc/nginx/html/admin/config.php" failed (2: No such file or directory), client: 194.163.129.51, server: ionledger.duckdns.org, request: "GET /admin/config.php HTTP/1.0", host: "13.200.12.158"
2025/10/17 19:45:24 [error] 30#30: *30 open() "/etc/nginx/html/login.rsp" failed (2: No such file or directory), client: 176.65.141.226, server: ionledger.duckdns.org, request: "GET /login.rsp HTTP/1.1", host: "13.200.12.158:80"
2025/10/17 21:48:32 [error] 30#30: *33 open() "/etc/nginx/html/robots.txt" failed (2: No such file or directory), client: 66.249.70.34, server: ionledger.duckdns.org, request: "GET /robots.txt HTTP/1.1", host: "13.200.12.158"
2025/10/17 21:48:33 [error] 30#30: *34 open() "/etc/nginx/html/ads.txt" failed (2: No such file or directory), client: 66.249.70.36, server: ionledger.duckdns.org, request: "GET /ads.txt HTTP/1.1", host: "13.200.12.158"
2025/10/17 22:02:28 [error] 30#30: *38 open() "/etc/nginx/html/env-config.js" failed (2: No such file or directory), client: 196.251.118.108, server: ionledger.duckdns.org, request: "GET /env-config.js HTTP/1.1", host: "ec2-13-200-12-158.ap-south-1.compute.amazonaws.com"
2025/10/17 22:02:28 [error] 30#30: *39 open() "/etc/nginx/html/static/js/main.5e08fc85.js" failed (2: No such file or directory), client: 196.251.118.108, server: ionledger.duckdns.org, request: "GET /static/js/main.5e08fc85.js HTTP/1.1", host: "ec2-13-200-12-158.ap-south-1.compute.amazonaws.com"
2025/10/17 22:29:11 [error] 29#29: *41 open() "/etc/nginx/html/portal/redlion" failed (2: No such file or directory), client: 20.65.194.168, server: ionledger.duckdns.org, request: "GET /portal/redlion HTTP/1.1", host: "13.200.12.158"
2025/10/17 23:31:02 [error] 29#29: *51 open() "/etc/nginx/html/ionledger_logo.png" failed (2: No such file or directory), client: 199.45.155.67, server: ionledger.duckdns.org, request: "GET /ionledger_logo.png HTTP/1.1", host: "13.200.12.158"
2025/10/17 23:31:03 [error] 29#29: *52 open() "/etc/nginx/html/logo192.png" failed (2: No such file or directory), client: 199.45.155.67, server: ionledger.duckdns.org, request: "GET /./logo192.png HTTP/1.1", host: "13.200.12.158"
2025/10/17 23:31:06 [error] 29#29: *53 open() "/etc/nginx/html/favicon.ico" failed (2: No such file or directory), client: 199.45.155.67, server: ionledger.duckdns.org, request: "GET /favicon.ico HTTP/1.1", host: "13.200.12.158"
2025/10/17 23:31:16 [error] 29#29: *55 open() "/etc/nginx/html/.well-known/security.txt" failed (2: No such file or directory), client: 199.45.155.67, server: ionledger.duckdns.org, request: "GET /.well-known/security.txt HTTP/1.1", host: "13.200.12.158"
2025/10/17 23:40:02 [error] 29#29: *56 open() "/etc/nginx/html/developmentserver/metadatauploader" failed (2: No such file or directory), client: 20.40.218.197, server: ionledger.duckdns.org, request: "GET /developmentserver/metadatauploader HTTP/1.1", host: "13.200.12.158"
2025/10/18 00:18:49 [error] 30#30: *60 open() "/etc/nginx/html/hello.world" failed (2: No such file or directory), client: 115.248.8.65, server: ionledger.duckdns.org, request: "POST /hello.world?%ADd+allow_url_include%3d1+%ADd+auto_prepend_file%3dphp://input HTTP/1.1", host: "13.200.12.158:80"
2025/10/18 00:18:54 [error] 30#30: *61 open() "/etc/nginx/html/vendor/phpunit/phpunit/src/Util/PHP/eval-stdin.php" failed (2: No such file or directory), client: 115.248.8.65, server: ionledger.duckdns.org, request: "GET /vendor/phpunit/phpunit/src/Util/PHP/eval-stdin.php HTTP/1.1", host: "13.200.12.158:80"
2025/10/18 00:18:55 [error] 30#30: *61 open() "/etc/nginx/html/vendor/phpunit/phpunit/Util/PHP/eval-stdin.php" failed (2: No such file or directory), client: 115.248.8.65, server: ionledger.duckdns.org, request: "GET /vendor/phpunit/phpunit/Util/PHP/eval-stdin.php HTTP/1.1", host: "13.200.12.158:80"
2025/10/18 00:18:56 [error] 30#30: *61 open() "/etc/nginx/html/vendor/phpunit/src/Util/PHP/eval-stdin.php" failed (2: No such file or directory), client: 115.248.8.65, server: ionledger.duckdns.org, request: "GET /vendor/phpunit/src/Util/PHP/eval-stdin.php HTTP/1.1", host: "13.200.12.158:80"
2025/10/18 00:18:58 [error] 30#30: *61 open() "/etc/nginx/html/vendor/phpunit/Util/PHP/eval-stdin.php" failed (2: No such file or directory), client: 115.248.8.65, server: ionledger.duckdns.org, request: "GET /vendor/phpunit/Util/PHP/eval-stdin.php HTTP/1.1", host: "13.200.12.158:80"
2025/10/18 00:18:59 [error] 30#30: *61 open() "/etc/nginx/html/vendor/phpunit/phpunit/LICENSE/eval-stdin.php" failed (2: No such file or directory), client: 115.248.8.65, server: ionledger.duckdns.org, request: "GET /vendor/phpunit/phpunit/LICENSE/eval-stdin.php HTTP/1.1", host: "13.200.12.158:80"
2025/10/18 00:19:00 [error] 30#30: *61 open() "/etc/nginx/html/vendor/vendor/phpunit/phpunit/src/Util/PHP/eval-stdin.php" failed (2: No such file or directory), client: 115.248.8.65, server: ionledger.duckdns.org, request: "GET /vendor/vendor/phpunit/phpunit/src/Util/PHP/eval-stdin.php HTTP/1.1", host: "13.200.12.158:80"
2025/10/18 00:19:02 [error] 30#30: *61 open() "/etc/nginx/html/phpunit/phpunit/src/Util/PHP/eval-stdin.php" failed (2: No such file or directory), client: 115.248.8.65, server: ionledger.duckdns.org, request: "GET /phpunit/phpunit/src/Util/PHP/eval-stdin.php HTTP/1.1", host: "13.200.12.158:80"
2025/10/18 00:19:03 [error] 30#30: *61 open() "/etc/nginx/html/phpunit/phpunit/Util/PHP/eval-stdin.php" failed (2: No such file or directory), client: 115.248.8.65, server: ionledger.duckdns.org, request: "GET /phpunit/phpunit/Util/PHP/eval-stdin.php HTTP/1.1", host: "13.200.12.158:80"
2025/10/18 00:19:05 [error] 30#30: *61 open() "/etc/nginx/html/phpunit/src/Util/PHP/eval-stdin.php" failed (2: No such file or directory), client: 115.248.8.65, server: ionledger.duckdns.org, request: "GET /phpunit/src/Util/PHP/eval-stdin.php HTTP/1.1", host: "13.200.12.158:80"
2025/10/18 00:19:06 [error] 30#30: *61 open() "/etc/nginx/html/phpunit/Util/PHP/eval-stdin.php" failed (2: No such file or directory), client: 115.248.8.65, server: ionledger.duckdns.org, request: "GET /phpunit/Util/PHP/eval-stdin.php HTTP/1.1", host: "13.200.12.158:80"
2025/10/18 00:19:08 [error] 30#30: *61 open() "/etc/nginx/html/lib/phpunit/phpunit/src/Util/PHP/eval-stdin.php" failed (2: No such file or directory), client: 115.248.8.65, server: ionledger.duckdns.org, request: "GET /lib/phpunit/phpunit/src/Util/PHP/eval-stdin.php HTTP/1.1", host: "13.200.12.158:80"
2025/10/18 00:19:09 [error] 30#30: *61 open() "/etc/nginx/html/lib/phpunit/phpunit/Util/PHP/eval-stdin.php" failed (2: No such file or directory), client: 115.248.8.65, server: ionledger.duckdns.org, request: "GET /lib/phpunit/phpunit/Util/PHP/eval-stdin.php HTTP/1.1", host: "13.200.12.158:80"
2025/10/18 00:19:10 [error] 30#30: *61 open() "/etc/nginx/html/lib/phpunit/src/Util/PHP/eval-stdin.php" failed (2: No such file or directory), client: 115.248.8.65, server: ionledger.duckdns.org, request: "GET /lib/phpunit/src/Util/PHP/eval-stdin.php HTTP/1.1", host: "13.200.12.158:80"
2025/10/18 00:19:12 [error] 30#30: *61 open() "/etc/nginx/html/lib/phpunit/Util/PHP/eval-stdin.php" failed (2: No such file or directory), client: 115.248.8.65, server: ionledger.duckdns.org, request: "GET /lib/phpunit/Util/PHP/eval-stdin.php HTTP/1.1", host: "13.200.12.158:80"
2025/10/18 00:19:13 [error] 30#30: *61 open() "/etc/nginx/html/lib/vendor/phpunit/phpunit/src/Util/PHP/eval-stdin.php" failed (2: No such file or directory), client: 115.248.8.65, server: ionledger.duckdns.org, request: "GET /lib/vendor/phpunit/phpunit/src/Util/PHP/eval-stdin.php HTTP/1.1", host: "13.200.12.158:80"
2025/10/18 00:19:15 [error] 30#30: *61 open() "/etc/nginx/html/laravel/vendor/phpunit/phpunit/src/Util/PHP/eval-stdin.php" failed (2: No such file or directory), client: 115.248.8.65, server: ionledger.duckdns.org, request: "GET /laravel/vendor/phpunit/phpunit/src/Util/PHP/eval-stdin.php HTTP/1.1", host: "13.200.12.158:80"
2025/10/18 00:19:16 [error] 30#30: *61 open() "/etc/nginx/html/www/vendor/phpunit/phpunit/src/Util/PHP/eval-stdin.php" failed (2: No such file or directory), client: 115.248.8.65, server: ionledger.duckdns.org, request: "GET /www/vendor/phpunit/phpunit/src/Util/PHP/eval-stdin.php HTTP/1.1", host: "13.200.12.158:80"
2025/10/18 00:19:18 [error] 30#30: *61 open() "/etc/nginx/html/ws/vendor/phpunit/phpunit/src/Util/PHP/eval-stdin.php" failed (2: No such file or directory), client: 115.248.8.65, server: ionledger.duckdns.org, request: "GET /ws/vendor/phpunit/phpunit/src/Util/PHP/eval-stdin.php HTTP/1.1", host: "13.200.12.158:80"
2025/10/18 00:19:19 [error] 30#30: *61 open() "/etc/nginx/html/yii/vendor/phpunit/phpunit/src/Util/PHP/eval-stdin.php" failed (2: No such file or directory), client: 115.248.8.65, server: ionledger.duckdns.org, request: "GET /yii/vendor/phpunit/phpunit/src/Util/PHP/eval-stdin.php HTTP/1.1", host: "13.200.12.158:80"
2025/10/18 00:19:21 [error] 30#30: *61 open() "/etc/nginx/html/zend/vendor/phpunit/phpunit/src/Util/PHP/eval-stdin.php" failed (2: No such file or directory), client: 115.248.8.65, server: ionledger.duckdns.org, request: "GET /zend/vendor/phpunit/phpunit/src/Util/PHP/eval-stdin.php HTTP/1.1", host: "13.200.12.158:80"
2025/10/18 00:19:22 [error] 30#30: *61 open() "/etc/nginx/html/ws/ec/vendor/phpunit/phpunit/src/Util/PHP/eval-stdin.php" failed (2: No such file or directory), client: 115.248.8.65, server: ionledger.duckdns.org, request: "GET /ws/ec/vendor/phpunit/phpunit/src/Util/PHP/eval-stdin.php HTTP/1.1", host: "13.200.12.158:80"
2025/10/18 00:19:24 [error] 30#30: *61 open() "/etc/nginx/html/V2/vendor/phpunit/phpunit/src/Util/PHP/eval-stdin.php" failed (2: No such file or directory), client: 115.248.8.65, server: ionledger.duckdns.org, request: "GET /V2/vendor/phpunit/phpunit/src/Util/PHP/eval-stdin.php HTTP/1.1", host: "13.200.12.158:80"
2025/10/18 00:19:25 [error] 30#30: *61 open() "/etc/nginx/html/tests/vendor/phpunit/phpunit/src/Util/PHP/eval-stdin.php" failed (2: No such file or directory), client: 115.248.8.65, server: ionledger.duckdns.org, request: "GET /tests/vendor/phpunit/phpunit/src/Util/PHP/eval-stdin.php HTTP/1.1", host: "13.200.12.158:80"
2025/10/18 00:19:27 [error] 30#30: *61 open() "/etc/nginx/html/test/vendor/phpunit/phpunit/src/Util/PHP/eval-stdin.php" failed (2: No such file or directory), client: 115.248.8.65, server: ionledger.duckdns.org, request: "GET /test/vendor/phpunit/phpunit/src/Util/PHP/eval-stdin.php HTTP/1.1", host: "13.200.12.158:80"
2025/10/18 00:19:28 [error] 30#30: *61 open() "/etc/nginx/html/testing/vendor/phpunit/phpunit/src/Util/PHP/eval-stdin.php" failed (2: No such file or directory), client: 115.248.8.65, server: ionledger.duckdns.org, request: "GET /testing/vendor/phpunit/phpunit/src/Util/PHP/eval-stdin.php HTTP/1.1", host: "13.200.12.158:80"
2025/10/18 00:19:30 [error] 30#30: *61 open() "/etc/nginx/html/api/vendor/phpunit/phpunit/src/Util/PHP/eval-stdin.php" failed (2: No such file or directory), client: 115.248.8.65, server: ionledger.duckdns.org, request: "GET /api/vendor/phpunit/phpunit/src/Util/PHP/eval-stdin.php HTTP/1.1", host: "13.200.12.158:80"
2025/10/18 00:19:31 [error] 30#30: *61 open() "/etc/nginx/html/demo/vendor/phpunit/phpunit/src/Util/PHP/eval-stdin.php" failed (2: No such file or directory), client: 115.248.8.65, server: ionledger.duckdns.org, request: "GET /demo/vendor/phpunit/phpunit/src/Util/PHP/eval-stdin.php HTTP/1.1", host: "13.200.12.158:80"
2025/10/18 00:19:32 [error] 30#30: *61 open() "/etc/nginx/html/cms/vendor/phpunit/phpunit/src/Util/PHP/eval-stdin.php" failed (2: No such file or directory), client: 115.248.8.65, server: ionledger.duckdns.org, request: "GET /cms/vendor/phpunit/phpunit/src/Util/PHP/eval-stdin.php HTTP/1.1", host: "13.200.12.158:80"
2025/10/18 00:19:34 [error] 30#30: *61 open() "/etc/nginx/html/crm/vendor/phpunit/phpunit/src/Util/PHP/eval-stdin.php" failed (2: No such file or directory), client: 115.248.8.65, server: ionledger.duckdns.org, request: "GET /crm/vendor/phpunit/phpunit/src/Util/PHP/eval-stdin.php HTTP/1.1", host: "13.200.12.158:80"
2025/10/18 00:19:35 [error] 30#30: *61 open() "/etc/nginx/html/admin/vendor/phpunit/phpunit/src/Util/PHP/eval-stdin.php" failed (2: No such file or directory), client: 115.248.8.65, server: ionledger.duckdns.org, request: "GET /admin/vendor/phpunit/phpunit/src/Util/PHP/eval-stdin.php HTTP/1.1", host: "13.200.12.158:80"
2025/10/18 00:19:37 [error] 30#30: *61 open() "/etc/nginx/html/backup/vendor/phpunit/phpunit/src/Util/PHP/eval-stdin.php" failed (2: No such file or directory), client: 115.248.8.65, server: ionledger.duckdns.org, request: "GET /backup/vendor/phpunit/phpunit/src/Util/PHP/eval-stdin.php HTTP/1.1", host: "13.200.12.158:80"
2025/10/18 00:19:38 [error] 30#30: *61 open() "/etc/nginx/html/blog/vendor/phpunit/phpunit/src/Util/PHP/eval-stdin.php" failed (2: No such file or directory), client: 115.248.8.65, server: ionledger.duckdns.org, request: "GET /blog/vendor/phpunit/phpunit/src/Util/PHP/eval-stdin.php HTTP/1.1", host: "13.200.12.158:80"
2025/10/18 00:19:39 [error] 30#30: *61 open() "/etc/nginx/html/workspace/drupal/vendor/phpunit/phpunit/src/Util/PHP/eval-stdin.php" failed (2: No such file or directory), client: 115.248.8.65, server: ionledger.duckdns.org, request: "GET /workspace/drupal/vendor/phpunit/phpunit/src/Util/PHP/eval-stdin.php HTTP/1.1", host: "13.200.12.158:80"
2025/10/18 00:19:40 [error] 30#30: *61 open() "/etc/nginx/html/panel/vendor/phpunit/phpunit/src/Util/PHP/eval-stdin.php" failed (2: No such file or directory), client: 115.248.8.65, server: ionledger.duckdns.org, request: "GET /panel/vendor/phpunit/phpunit/src/Util/PHP/eval-stdin.php HTTP/1.1", host: "13.200.12.158:80"
2025/10/18 00:19:42 [error] 30#30: *61 open() "/etc/nginx/html/public/vendor/phpunit/phpunit/src/Util/PHP/eval-stdin.php" failed (2: No such file or directory), client: 115.248.8.65, server: ionledger.duckdns.org, request: "GET /public/vendor/phpunit/phpunit/src/Util/PHP/eval-stdin.php HTTP/1.1", host: "13.200.12.158:80"
2025/10/18 00:19:44 [error] 30#30: *61 open() "/etc/nginx/html/apps/vendor/phpunit/phpunit/src/Util/PHP/eval-stdin.php" failed (2: No such file or directory), client: 115.248.8.65, server: ionledger.duckdns.org, request: "GET /apps/vendor/phpunit/phpunit/src/Util/PHP/eval-stdin.php HTTP/1.1", host: "13.200.12.158:80"
2025/10/18 00:19:45 [error] 30#30: *61 open() "/etc/nginx/html/app/vendor/phpunit/phpunit/src/Util/PHP/eval-stdin.php" failed (2: No such file or directory), client: 115.248.8.65, server: ionledger.duckdns.org, request: "GET /app/vendor/phpunit/phpunit/src/Util/PHP/eval-stdin.php HTTP/1.1", host: "13.200.12.158:80"
2025/10/18 00:19:46 [error] 30#30: *61 open() "/etc/nginx/html/index.php" failed (2: No such file or directory), client: 115.248.8.65, server: ionledger.duckdns.org, request: "GET /index.php?s=/index/\think\app/invokefunction&function=call_user_func_array&vars[0]=md5&vars[1][]=Hello HTTP/1.1", host: "13.200.12.158:80"
2025/10/18 00:19:48 [error] 30#30: *61 open() "/etc/nginx/html/public/index.php" failed (2: No such file or directory), client: 115.248.8.65, server: ionledger.duckdns.org, request: "GET /public/index.php?s=/index/\think\app/invokefunction&function=call_user_func_array&vars[0]=md5&vars[1][]=Hello HTTP/1.1", host: "13.200.12.158:80"
2025/10/18 00:19:49 [error] 30#30: *61 open() "/etc/nginx/html/index.php" failed (2: No such file or directory), client: 115.248.8.65, server: ionledger.duckdns.org, request: "GET /index.php?lang=../../../../../../../../usr/local/lib/php/pearcmd&+config-create+/&/<?echo(md5("hi"));?>+/tmp/index1.php HTTP/1.1", host: "13.200.12.158:80"
2025/10/18 00:19:51 [error] 30#30: *61 open() "/etc/nginx/html/index.php" failed (2: No such file or directory), client: 115.248.8.65, server: ionledger.duckdns.org, request: "GET /index.php?lang=../../../../../../../../tmp/index1 HTTP/1.1", host: "13.200.12.158:80"
2025/10/18 00:19:52 [error] 30#30: *61 open() "/etc/nginx/html/containers/json" failed (2: No such file or directory), client: 115.248.8.65, server: ionledger.duckdns.org, request: "GET /containers/json HTTP/1.1", host: "13.200.12.158:80"
2025/10/18 00:38:58 [error] 30#30: *62 open() "/etc/nginx/html/get_config.php" failed (2: No such file or directory), client: 178.62.247.90, server: ionledger.duckdns.org, request: "GET /get_config.php HTTP/1.1", host: "13.200.12.158"
2025/10/18 01:15:16 [notice] 1#1: signal 3 (SIGQUIT) received, shutting down
2025/10/18 01:15:16 [notice] 29#29: gracefully shutting down
2025/10/18 01:15:16 [notice] 29#29: exiting
2025/10/18 01:15:16 [notice] 29#29: exit
2025/10/18 01:15:16 [notice] 30#30: gracefully shutting down
2025/10/18 01:15:16 [notice] 30#30: exiting
2025/10/18 01:15:16 [notice] 30#30: exit
2025/10/18 01:15:17 [notice] 1#1: signal 17 (SIGCHLD) received from 30
2025/10/18 01:15:17 [notice] 1#1: worker process 29 exited with code 0
2025/10/18 01:15:17 [notice] 1#1: worker process 30 exited with code 0
2025/10/18 01:15:17 [notice] 1#1: exit
2025/10/18 13:35:09 [emerg] 1#1: host not found in upstream "tenant-ui" in /etc/nginx/conf.d/default.conf:23
2025/10/18 13:35:15 [emerg] 1#1: host not found in upstream "tenant-ui" in /etc/nginx/conf.d/default.conf:23
2025/10/18 13:35:21 [emerg] 1#1: host not found in upstream "tenant-ui" in /etc/nginx/conf.d/default.conf:23
2025/10/18 13:35:27 [emerg] 1#1: host not found in upstream "tenant-ui" in /etc/nginx/conf.d/default.conf:23
2025/10/18 13:35:33 [emerg] 1#1: host not found in upstream "tenant-ui" in /etc/nginx/conf.d/default.conf:23
2025/10/18 13:35:40 [emerg] 1#1: host not found in upstream "tenant-ui" in /etc/nginx/conf.d/default.conf:23
2025/10/18 13:35:49 [emerg] 1#1: host not found in upstream "tenant-ui" in /etc/nginx/conf.d/default.conf:23
2025/10/18 13:36:01 [emerg] 1#1: host not found in upstream "tenant-ui" in /etc/nginx/conf.d/default.conf:23
2025/10/18 13:36:19 [emerg] 1#1: host not found in upstream "tenant-ui" in /etc/nginx/conf.d/default.conf:23
2025/10/18 13:36:50 [emerg] 1#1: host not found in upstream "tenant-ui" in /etc/nginx/conf.d/default.conf:23
2025/10/18 13:37:47 [emerg] 1#1: host not found in upstream "tenant-ui" in /etc/nginx/conf.d/default.conf:23
2025/10/18 13:38:52 [emerg] 1#1: host not found in upstream "tenant-ui" in /etc/nginx/conf.d/default.conf:23
2025/10/18 13:39:58 [emerg] 1#1: host not found in upstream "tenant-ui" in /etc/nginx/conf.d/default.conf:23
2025/10/18 13:41:03 [emerg] 1#1: host not found in upstream "tenant-ui" in /etc/nginx/conf.d/default.conf:23
2025/10/18 13:42:09 [emerg] 1#1: host not found in upstream "tenant-ui" in /etc/nginx/conf.d/default.conf:23
2025/10/18 13:43:14 [emerg] 1#1: host not found in upstream "tenant-ui" in /etc/nginx/conf.d/default.conf:23
2025/10/18 13:44:20 [emerg] 1#1: host not found in upstream "tenant-ui" in /etc/nginx/conf.d/default.conf:23
2025/10/18 13:45:25 [emerg] 1#1: host not found in upstream "tenant-ui" in /etc/nginx/conf.d/default.conf:23
2025/10/18 13:46:31 [emerg] 1#1: host not found in upstream "tenant-ui" in /etc/nginx/conf.d/default.conf:23
2025/10/18 13:47:36 [emerg] 1#1: host not found in upstream "tenant-ui" in /etc/nginx/conf.d/default.conf:23
2025/10/18 13:48:42 [emerg] 1#1: host not found in upstream "tenant-ui" in /etc/nginx/conf.d/default.conf:23
2025/10/18 13:49:47 [emerg] 1#1: host not found in upstream "tenant-ui" in /etc/nginx/conf.d/default.conf:23
2025/10/18 13:50:52 [emerg] 1#1: host not found in upstream "tenant-ui" in /etc/nginx/conf.d/default.conf:23
2025/10/18 13:51:58 [emerg] 1#1: host not found in upstream "tenant-ui" in /etc/nginx/conf.d/default.conf:23
2025/10/18 13:53:03 [emerg] 1#1: host not found in upstream "tenant-ui" in /etc/nginx/conf.d/default.conf:23
2025/10/18 13:54:09 [emerg] 1#1: host not found in upstream "tenant-ui" in /etc/nginx/conf.d/default.conf:23
2025/10/18 13:55:14 [emerg] 1#1: host not found in upstream "tenant-ui" in /etc/nginx/conf.d/default.conf:23
2025/10/18 13:56:20 [emerg] 1#1: host not found in upstream "tenant-ui" in /etc/nginx/conf.d/default.conf:23
2025/10/18 13:57:25 [emerg] 1#1: host not found in upstream "tenant-ui" in /etc/nginx/conf.d/default.conf:23
2025/10/18 13:58:31 [emerg] 1#1: host not found in upstream "tenant-ui" in /etc/nginx/conf.d/default.conf:23
2025/10/18 13:59:36 [emerg] 1#1: host not found in upstream "tenant-ui" in /etc/nginx/conf.d/default.conf:23
2025/10/18 14:00:42 [emerg] 1#1: host not found in upstream "tenant-ui" in /etc/nginx/conf.d/default.conf:23
2025/10/18 14:01:47 [emerg] 1#1: host not found in upstream "tenant-ui" in /etc/nginx/conf.d/default.conf:23
2025/10/18 14:02:53 [emerg] 1#1: host not found in upstream "tenant-ui" in /etc/nginx/conf.d/default.conf:23
2025/10/18 14:03:58 [emerg] 1#1: host not found in upstream "tenant-ui" in /etc/nginx/conf.d/default.conf:23
2025/10/18 14:05:03 [emerg] 1#1: host not found in upstream "tenant-ui" in /etc/nginx/conf.d/default.conf:23
2025/10/18 14:06:09 [emerg] 1#1: host not found in upstream "tenant-ui" in /etc/nginx/conf.d/default.conf:23
2025/10/18 14:07:15 [emerg] 1#1: host not found in upstream "tenant-ui" in /etc/nginx/conf.d/default.conf:23
2025/10/18 14:08:20 [emerg] 1#1: host not found in upstream "tenant-ui" in /etc/nginx/conf.d/default.conf:23
2025/10/18 14:09:26 [emerg] 1#1: host not found in upstream "tenant-ui" in /etc/nginx/conf.d/default.conf:23
2025/10/18 14:10:31 [emerg] 1#1: host not found in upstream "tenant-ui" in /etc/nginx/conf.d/default.conf:23
2025/10/18 14:11:37 [emerg] 1#1: host not found in upstream "tenant-ui" in /etc/nginx/conf.d/default.conf:23
2025/10/18 14:12:42 [emerg] 1#1: host not found in upstream "tenant-ui" in /etc/nginx/conf.d/default.conf:23
2025/10/18 14:13:47 [emerg] 1#1: host not found in upstream "tenant-ui" in /etc/nginx/conf.d/default.conf:23
2025/10/18 14:14:53 [emerg] 1#1: host not found in upstream "tenant-ui" in /etc/nginx/conf.d/default.conf:23
2025/10/18 14:15:58 [emerg] 1#1: host not found in upstream "tenant-ui" in /etc/nginx/conf.d/default.conf:23
2025/10/18 14:17:04 [emerg] 1#1: host not found in upstream "tenant-ui" in /etc/nginx/conf.d/default.conf:23
2025/10/18 14:18:09 [emerg] 1#1: host not found in upstream "tenant-ui" in /etc/nginx/conf.d/default.conf:23
2025/10/18 14:19:15 [emerg] 1#1: host not found in upstream "tenant-ui" in /etc/nginx/conf.d/default.conf:23
2025/10/18 14:20:20 [emerg] 1#1: host not found in upstream "tenant-ui" in /etc/nginx/conf.d/default.conf:23
2025/10/18 14:21:26 [emerg] 1#1: host not found in upstream "tenant-ui" in /etc/nginx/conf.d/default.conf:23
2025/10/18 14:22:31 [emerg] 1#1: host not found in upstream "tenant-ui" in /etc/nginx/conf.d/default.conf:23
2025/10/18 14:23:37 [emerg] 1#1: host not found in upstream "tenant-ui" in /etc/nginx/conf.d/default.conf:23
2025/10/18 14:24:42 [emerg] 1#1: host not found in upstream "tenant-ui" in /etc/nginx/conf.d/default.conf:23
2025/10/18 14:25:48 [emerg] 1#1: host not found in upstream "tenant-ui" in /etc/nginx/conf.d/default.conf:23
2025/10/18 14:26:53 [emerg] 1#1: host not found in upstream "tenant-ui" in /etc/nginx/conf.d/default.conf:23
2025/10/18 14:27:59 [emerg] 1#1: host not found in upstream "tenant-ui" in /etc/nginx/conf.d/default.conf:23
2025/10/18 14:29:04 [emerg] 1#1: host not found in upstream "tenant-ui" in /etc/nginx/conf.d/default.conf:23
2025/10/18 14:30:09 [emerg] 1#1: host not found in upstream "tenant-ui" in /etc/nginx/conf.d/default.conf:23
2025/10/18 14:31:15 [emerg] 1#1: host not found in upstream "tenant-ui" in /etc/nginx/conf.d/default.conf:23
2025/10/18 14:32:20 [emerg] 1#1: host not found in upstream "tenant-ui" in /etc/nginx/conf.d/default.conf:23
2025/10/18 14:33:26 [emerg] 1#1: host not found in upstream "tenant-ui" in /etc/nginx/conf.d/default.conf:23
2025/10/18 14:34:31 [emerg] 1#1: host not found in upstream "tenant-ui" in /etc/nginx/conf.d/default.conf:23
2025/10/18 14:35:37 [emerg] 1#1: host not found in upstream "tenant-ui" in /etc/nginx/conf.d/default.conf:23
2025/10/18 14:36:42 [emerg] 1#1: host not found in upstream "tenant-ui" in /etc/nginx/conf.d/default.conf:23
2025/10/18 14:37:48 [emerg] 1#1: host not found in upstream "tenant-ui" in /etc/nginx/conf.d/default.conf:23
2025/10/18 14:38:53 [emerg] 1#1: host not found in upstream "tenant-ui" in /etc/nginx/conf.d/default.conf:23
2025/10/18 14:39:59 [emerg] 1#1: host not found in upstream "tenant-ui" in /etc/nginx/conf.d/default.conf:23
2025/10/18 14:41:04 [emerg] 1#1: host not found in upstream "tenant-ui" in /etc/nginx/conf.d/default.conf:23
2025/10/18 14:42:10 [emerg] 1#1: host not found in upstream "tenant-ui" in /etc/nginx/conf.d/default.conf:23
2025/10/18 14:43:15 [emerg] 1#1: host not found in upstream "tenant-ui" in /etc/nginx/conf.d/default.conf:23
2025/10/18 14:44:21 [emerg] 1#1: host not found in upstream "tenant-ui" in /etc/nginx/conf.d/default.conf:23
2025/10/18 14:45:26 [emerg] 1#1: host not found in upstream "tenant-ui" in /etc/nginx/conf.d/default.conf:23
2025/10/18 14:46:32 [emerg] 1#1: host not found in upstream "tenant-ui" in /etc/nginx/conf.d/default.conf:23
2025/10/18 14:47:37 [emerg] 1#1: host not found in upstream "tenant-ui" in /etc/nginx/conf.d/default.conf:23
2025/10/18 14:48:42 [emerg] 1#1: host not found in upstream "tenant-ui" in /etc/nginx/conf.d/default.conf:23
2025/10/18 14:49:48 [emerg] 1#1: host not found in upstream "tenant-ui" in /etc/nginx/conf.d/default.conf:23
2025/10/18 14:50:53 [emerg] 1#1: host not found in upstream "tenant-ui" in /etc/nginx/conf.d/default.conf:23
2025/10/18 14:51:59 [emerg] 1#1: host not found in upstream "tenant-ui" in /etc/nginx/conf.d/default.conf:23
2025/10/18 14:53:04 [emerg] 1#1: host not found in upstream "tenant-ui" in /etc/nginx/conf.d/default.conf:23
2025/10/18 14:54:09 [emerg] 1#1: host not found in upstream "tenant-ui" in /etc/nginx/conf.d/default.conf:23
2025/10/18 14:55:15 [emerg] 1#1: host not found in upstream "tenant-ui" in /etc/nginx/conf.d/default.conf:23
2025/10/18 14:56:20 [emerg] 1#1: host not found in upstream "tenant-ui" in /etc/nginx/conf.d/default.conf:23
2025/10/18 14:57:26 [emerg] 1#1: host not found in upstream "tenant-ui" in /etc/nginx/conf.d/default.conf:23
2025/10/18 14:58:32 [emerg] 1#1: host not found in upstream "tenant-ui" in /etc/nginx/conf.d/default.conf:23
2025/10/18 14:59:37 [notice] 1#1: using the "epoll" event method
2025/10/18 14:59:37 [notice] 1#1: nginx/1.27.5
2025/10/18 14:59:37 [notice] 1#1: built by gcc 14.2.0 (Alpine 14.2.0) 
2025/10/18 14:59:37 [notice] 1#1: OS: Linux 6.14.0-1014-aws
2025/10/18 14:59:37 [notice] 1#1: getrlimit(RLIMIT_NOFILE): 1048576:1048576
2025/10/18 14:59:37 [notice] 1#1: start worker processes
2025/10/18 14:59:37 [notice] 1#1: start worker process 31
2025/10/18 14:59:37 [notice] 1#1: start worker process 32
2025/10/18 15:17:23 [notice] 1#1: signal 3 (SIGQUIT) received, shutting down
2025/10/18 15:17:23 [notice] 31#31: gracefully shutting down
2025/10/18 15:17:23 [notice] 32#32: gracefully shutting down
2025/10/18 15:17:23 [notice] 31#31: exiting
2025/10/18 15:17:23 [notice] 32#32: exiting
2025/10/18 15:17:23 [notice] 31#31: exit
2025/10/18 15:17:23 [notice] 32#32: exit
2025/10/18 15:17:23 [notice] 1#1: signal 17 (SIGCHLD) received from 32
2025/10/18 15:17:23 [notice] 1#1: worker process 32 exited with code 0
2025/10/18 15:17:23 [notice] 1#1: signal 29 (SIGIO) received
2025/10/18 15:17:23 [notice] 1#1: signal 17 (SIGCHLD) received from 31
2025/10/18 15:17:23 [notice] 1#1: worker process 31 exited with code 0
2025/10/18 15:17:23 [notice] 1#1: exit
2025/10/18 15:18:44 [notice] 1#1: using the "epoll" event method
2025/10/18 15:18:44 [notice] 1#1: nginx/1.27.5
2025/10/18 15:18:44 [notice] 1#1: built by gcc 14.2.0 (Alpine 14.2.0) 
2025/10/18 15:18:44 [notice] 1#1: OS: Linux 6.14.0-1014-aws
2025/10/18 15:18:44 [notice] 1#1: getrlimit(RLIMIT_NOFILE): 1048576:1048576
2025/10/18 15:18:44 [notice] 1#1: start worker processes
2025/10/18 15:18:44 [notice] 1#1: start worker process 29
2025/10/18 15:18:44 [notice] 1#1: start worker process 30
2025/10/18 15:25:30 [error] 30#30: *4 open() "/etc/nginx/html/assets/index-D3ShLNi0.js" failed (2: No such file or directory), client: 27.6.92.212, server: ionledger.duckdns.org, request: "GET /assets/index-D3ShLNi0.js HTTP/1.1", host: "ionledger.duckdns.org", referrer: "http://ionledger.duckdns.org/tenant-ui/"
2025/10/18 15:25:30 [error] 29#29: *1 open() "/etc/nginx/html/assets/index-CpkFi3qT.css" failed (2: No such file or directory), client: 27.6.92.212, server: ionledger.duckdns.org, request: "GET /assets/index-CpkFi3qT.css HTTP/1.1", host: "ionledger.duckdns.org", referrer: "http://ionledger.duckdns.org/tenant-ui/"
2025/10/18 15:25:40 [error] 29#29: *1 open() "/etc/nginx/html/assets/index-CpkFi3qT.css" failed (2: No such file or directory), client: 27.6.92.212, server: ionledger.duckdns.org, request: "GET /assets/index-CpkFi3qT.css HTTP/1.1", host: "ionledger.duckdns.org", referrer: "http://ionledger.duckdns.org/tenant-ui/"
2025/10/18 15:25:48 [error] 29#29: *1 open() "/etc/nginx/html/assets/index-D3ShLNi0.js" failed (2: No such file or directory), client: 27.6.92.212, server: ionledger.duckdns.org, request: "GET /assets/index-D3ShLNi0.js HTTP/1.1", host: "ionledger.duckdns.org", referrer: "http://ionledger.duckdns.org/tenant-ui/"
2025/10/18 15:25:48 [error] 30#30: *4 open() "/etc/nginx/html/assets/index-CpkFi3qT.css" failed (2: No such file or directory), client: 27.6.92.212, server: ionledger.duckdns.org, request: "GET /assets/index-CpkFi3qT.css HTTP/1.1", host: "ionledger.duckdns.org", referrer: "http://ionledger.duckdns.org/tenant-ui/"
2025/10/18 15:25:49 [error] 30#30: *4 open() "/etc/nginx/html/assets/index-D3ShLNi0.js" failed (2: No such file or directory), client: 27.6.92.212, server: ionledger.duckdns.org, request: "GET /assets/index-D3ShLNi0.js HTTP/1.1", host: "ionledger.duckdns.org", referrer: "http://ionledger.duckdns.org/tenant-ui/"
2025/10/18 15:25:49 [error] 29#29: *1 open() "/etc/nginx/html/assets/index-CpkFi3qT.css" failed (2: No such file or directory), client: 27.6.92.212, server: ionledger.duckdns.org, request: "GET /assets/index-CpkFi3qT.css HTTP/1.1", host: "ionledger.duckdns.org", referrer: "http://ionledger.duckdns.org/tenant-ui/"
2025/10/18 15:26:03 [notice] 1#1: signal 3 (SIGQUIT) received, shutting down
2025/10/18 15:26:03 [notice] 29#29: gracefully shutting down
2025/10/18 15:26:03 [notice] 29#29: exiting
2025/10/18 15:26:03 [notice] 29#29: exit
2025/10/18 15:26:03 [notice] 30#30: gracefully shutting down
2025/10/18 15:26:03 [notice] 30#30: exiting
2025/10/18 15:26:03 [notice] 30#30: exit
2025/10/18 15:26:03 [notice] 1#1: signal 17 (SIGCHLD) received from 30
2025/10/18 15:26:03 [notice] 1#1: worker process 30 exited with code 0
2025/10/18 15:26:03 [notice] 1#1: worker process 29 exited with code 0
2025/10/18 15:26:03 [notice] 1#1: exit
2025/10/18 15:26:52 [notice] 1#1: using the "epoll" event method
2025/10/18 15:26:52 [notice] 1#1: nginx/1.27.5
2025/10/18 15:26:52 [notice] 1#1: built by gcc 14.2.0 (Alpine 14.2.0) 
2025/10/18 15:26:52 [notice] 1#1: OS: Linux 6.14.0-1014-aws
2025/10/18 15:26:52 [notice] 1#1: getrlimit(RLIMIT_NOFILE): 1048576:1048576
2025/10/18 15:26:52 [notice] 1#1: start worker processes
2025/10/18 15:26:52 [notice] 1#1: start worker process 29
2025/10/18 15:26:52 [notice] 1#1: start worker process 30
2025/10/18 15:28:45 [error] 29#29: *1 connect() failed (111: Connection refused) while connecting to upstream, client: 27.6.92.212, server: ionledger.duckdns.org, request: "GET /tenant-ui/ HTTP/1.1", upstream: "http://172.19.0.4:5101/", host: "ionledger.duckdns.org"
2025/10/18 15:35:32 [notice] 1#1: signal 3 (SIGQUIT) received, shutting down
2025/10/18 15:35:32 [notice] 29#29: gracefully shutting down
2025/10/18 15:35:32 [notice] 29#29: exiting
2025/10/18 15:35:32 [notice] 29#29: exit
2025/10/18 15:35:32 [notice] 30#30: gracefully shutting down
2025/10/18 15:35:32 [notice] 30#30: exiting
2025/10/18 15:35:32 [notice] 30#30: exit
2025/10/18 15:35:33 [notice] 1#1: signal 17 (SIGCHLD) received from 30
2025/10/18 15:35:33 [notice] 1#1: worker process 30 exited with code 0
2025/10/18 15:35:33 [notice] 1#1: signal 29 (SIGIO) received
2025/10/18 15:35:33 [notice] 1#1: signal 17 (SIGCHLD) received from 29
2025/10/18 15:35:33 [notice] 1#1: worker process 29 exited with code 0
2025/10/18 15:35:33 [notice] 1#1: exit
2025/10/18 15:36:06 [notice] 1#1: using the "epoll" event method
2025/10/18 15:36:06 [notice] 1#1: nginx/1.27.5
2025/10/18 15:36:06 [notice] 1#1: built by gcc 14.2.0 (Alpine 14.2.0) 
2025/10/18 15:36:06 [notice] 1#1: OS: Linux 6.14.0-1014-aws
2025/10/18 15:36:06 [notice] 1#1: getrlimit(RLIMIT_NOFILE): 1048576:1048576
2025/10/18 15:36:06 [notice] 1#1: start worker processes
2025/10/18 15:36:06 [notice] 1#1: start worker process 29
2025/10/18 15:36:06 [notice] 1#1: start worker process 30
2025/10/18 15:41:54 [error] 29#29: *1 open() "/etc/nginx/html/assets/index-D3ShLNi0.js" failed (2: No such file or directory), client: 27.6.92.212, server: ionledger.duckdns.org, request: "GET /assets/index-D3ShLNi0.js HTTP/1.1", host: "ionledger.duckdns.org", referrer: "http://ionledger.duckdns.org/tenant-ui/"
2025/10/18 15:41:54 [error] 30#30: *3 open() "/etc/nginx/html/assets/index-CpkFi3qT.css" failed (2: No such file or directory), client: 27.6.92.212, server: ionledger.duckdns.org, request: "GET /assets/index-CpkFi3qT.css HTTP/1.1", host: "ionledger.duckdns.org", referrer: "http://ionledger.duckdns.org/tenant-ui/"
2025/10/18 15:44:25 [error] 29#29: *4 "/etc/nginx/html/HNAP1/index.html" is not found (2: No such file or directory), client: 103.48.64.108, server: ionledger.duckdns.org, request: "POST /HNAP1/ HTTP/1.0", host: "13.235.58.136:80"
2025/10/18 15:51:20 [notice] 1#1: signal 3 (SIGQUIT) received, shutting down
2025/10/18 15:51:20 [notice] 29#29: gracefully shutting down
2025/10/18 15:51:20 [notice] 29#29: exiting
2025/10/18 15:51:20 [notice] 29#29: exit
2025/10/18 15:51:20 [notice] 30#30: gracefully shutting down
2025/10/18 15:51:20 [notice] 30#30: exiting
2025/10/18 15:51:20 [notice] 30#30: exit
2025/10/18 15:51:20 [notice] 1#1: signal 17 (SIGCHLD) received from 30
2025/10/18 15:51:20 [notice] 1#1: worker process 30 exited with code 0
2025/10/18 15:51:20 [notice] 1#1: signal 29 (SIGIO) received
2025/10/18 15:51:20 [notice] 1#1: signal 17 (SIGCHLD) received from 29
2025/10/18 15:51:20 [notice] 1#1: worker process 29 exited with code 0
2025/10/18 15:51:20 [notice] 1#1: exit
2025/10/18 15:57:57 [notice] 1#1: using the "epoll" event method
2025/10/18 15:57:57 [notice] 1#1: nginx/1.27.5
2025/10/18 15:57:57 [notice] 1#1: built by gcc 14.2.0 (Alpine 14.2.0) 
2025/10/18 15:57:57 [notice] 1#1: OS: Linux 6.14.0-1014-aws
2025/10/18 15:57:57 [notice] 1#1: getrlimit(RLIMIT_NOFILE): 1048576:1048576
2025/10/18 15:57:57 [notice] 1#1: start worker processes
2025/10/18 15:57:57 [notice] 1#1: start worker process 29
2025/10/18 15:57:57 [notice] 1#1: start worker process 30
2025/10/18 15:59:15 [error] 29#29: *1 open() "/etc/nginx/html/config" failed (2: No such file or directory), client: 27.6.92.212, server: ionledger.duckdns.org, request: "GET /config HTTP/1.1", host: "ionledger.duckdns.org", referrer: "http://ionledger.duckdns.org/tenant-ui/"
2025/10/18 16:02:24 [error] 30#30: *8 open() "/etc/nginx/html/config" failed (2: No such file or directory), client: 27.6.92.212, server: ionledger.duckdns.org, request: "GET /config HTTP/1.1", host: "ionledger.duckdns.org", referrer: "http://ionledger.duckdns.org/tenant-ui/"
2025/10/18 16:02:27 [notice] 1#1: signal 3 (SIGQUIT) received, shutting down
2025/10/18 16:02:27 [notice] 29#29: gracefully shutting down
2025/10/18 16:02:27 [notice] 29#29: exiting
2025/10/18 16:02:27 [notice] 29#29: exit
2025/10/18 16:02:27 [notice] 30#30: gracefully shutting down
2025/10/18 16:02:27 [notice] 30#30: exiting
2025/10/18 16:02:27 [notice] 30#30: exit
2025/10/18 16:02:27 [notice] 1#1: signal 17 (SIGCHLD) received from 29
2025/10/18 16:02:27 [notice] 1#1: worker process 29 exited with code 0
2025/10/18 16:02:27 [notice] 1#1: worker process 30 exited with code 0
2025/10/18 16:02:27 [notice] 1#1: exit
2025/10/18 16:03:36 [notice] 1#1: using the "epoll" event method
2025/10/18 16:03:36 [notice] 1#1: nginx/1.27.5
2025/10/18 16:03:36 [notice] 1#1: built by gcc 14.2.0 (Alpine 14.2.0) 
2025/10/18 16:03:36 [notice] 1#1: OS: Linux 6.14.0-1014-aws
2025/10/18 16:03:36 [notice] 1#1: getrlimit(RLIMIT_NOFILE): 1048576:1048576
2025/10/18 16:03:36 [notice] 1#1: start worker processes
2025/10/18 16:03:36 [notice] 1#1: start worker process 28
2025/10/18 16:03:36 [notice] 1#1: start worker process 29
2025/10/18 16:04:18 [error] 29#29: *1 open() "/etc/nginx/html/assets/index-D3ShLNi0.js" failed (2: No such file or directory), client: 27.6.92.212, server: ionledger.duckdns.org, request: "GET /assets/index-D3ShLNi0.js HTTP/1.1", host: "ionledger.duckdns.org", referrer: "http://ionledger.duckdns.org/tenant-ui/"
2025/10/18 16:04:18 [error] 28#28: *2 open() "/etc/nginx/html/assets/index-CpkFi3qT.css" failed (2: No such file or directory), client: 27.6.92.212, server: ionledger.duckdns.org, request: "GET /assets/index-CpkFi3qT.css HTTP/1.1", host: "ionledger.duckdns.org", referrer: "http://ionledger.duckdns.org/tenant-ui/"
2025/10/18 16:04:29 [error] 28#28: *6 open() "/etc/nginx/html/assets/index-CpkFi3qT.css" failed (2: No such file or directory), client: 27.6.92.212, server: ionledger.duckdns.org, request: "GET /assets/index-CpkFi3qT.css HTTP/1.1", host: "ionledger.duckdns.org", referrer: "http://ionledger.duckdns.org/tenant-ui/"
2025/10/18 16:04:29 [error] 28#28: *4 open() "/etc/nginx/html/assets/index-D3ShLNi0.js" failed (2: No such file or directory), client: 27.6.92.212, server: ionledger.duckdns.org, request: "GET /assets/index-D3ShLNi0.js HTTP/1.1", host: "ionledger.duckdns.org", referrer: "http://ionledger.duckdns.org/tenant-ui/"
2025/10/18 16:05:53 [error] 28#28: *7 open() "/etc/nginx/html/openapi.json" failed (2: No such file or directory), client: 27.6.92.212, server: ionledger.duckdns.org, request: "GET /openapi.json HTTP/1.1", host: "ionledger.duckdns.org", referrer: "http://ionledger.duckdns.org/fastapi/docs"
2025/10/18 16:16:52 [error] 28#28: *11 open() "/etc/nginx/html/openapi.json" failed (2: No such file or directory), client: 27.6.92.212, server: ionledger.duckdns.org, request: "GET /openapi.json HTTP/1.1", host: "ionledger.duckdns.org", referrer: "http://ionledger.duckdns.org/fastapi/docs"
2025/10/18 16:19:59 [notice] 1#1: signal 3 (SIGQUIT) received, shutting down
2025/10/18 16:19:59 [notice] 28#28: gracefully shutting down
2025/10/18 16:19:59 [notice] 28#28: exiting
2025/10/18 16:19:59 [notice] 28#28: exit
2025/10/18 16:19:59 [notice] 29#29: gracefully shutting down
2025/10/18 16:19:59 [notice] 29#29: exiting
2025/10/18 16:19:59 [notice] 29#29: exit
2025/10/18 16:19:59 [notice] 1#1: signal 17 (SIGCHLD) received from 29
2025/10/18 16:19:59 [notice] 1#1: worker process 28 exited with code 0
2025/10/18 16:19:59 [notice] 1#1: worker process 29 exited with code 0
2025/10/18 16:19:59 [notice] 1#1: exit
2025/10/18 16:20:46 [notice] 1#1: using the "epoll" event method
2025/10/18 16:20:46 [notice] 1#1: nginx/1.27.5
2025/10/18 16:20:46 [notice] 1#1: built by gcc 14.2.0 (Alpine 14.2.0) 
2025/10/18 16:20:46 [notice] 1#1: OS: Linux 6.14.0-1014-aws
2025/10/18 16:20:46 [notice] 1#1: getrlimit(RLIMIT_NOFILE): 1048576:1048576
2025/10/18 16:20:46 [notice] 1#1: start worker processes
2025/10/18 16:20:46 [notice] 1#1: start worker process 29
2025/10/18 16:20:46 [notice] 1#1: start worker process 30
2025/10/18 16:21:23 [error] 30#30: *1 open() "/etc/nginx/html/openapi.json" failed (2: No such file or directory), client: 27.6.92.212, server: ionledger.duckdns.org, request: "GET /openapi.json HTTP/1.1", host: "ionledger.duckdns.org", referrer: "http://ionledger.duckdns.org/fastapi/docs"
2025/10/18 16:21:24 [error] 30#30: *1 open() "/etc/nginx/html/openapi.json" failed (2: No such file or directory), client: 27.6.92.212, server: ionledger.duckdns.org, request: "GET /openapi.json HTTP/1.1", host: "ionledger.duckdns.org", referrer: "http://ionledger.duckdns.org/fastapi/docs"
